<?xml version="1.0" encoding="utf-8"?><testsuites name="pytest tests"><testsuite name="pytest" errors="0" failures="0" skipped="12" tests="23" time="6.027" timestamp="2026-02-23T20:50:41.016446+00:00" hostname="agent-env-5595a57b-b6d2-48f0-ac08-236d2b1c9632"><testcase classname="backend.tests.test_iter71_security_sweep.TestAdminTabVisibility" name="test_customer_has_is_admin_false" time="1.019" /><testcase classname="backend.tests.test_iter71_security_sweep.TestAdminTabVisibility" name="test_admin_has_is_admin_true" time="0.557" /><testcase classname="backend.tests.test_iter71_security_sweep.TestAdminTabVisibility" name="test_customer_cannot_access_admin_endpoints" time="0.658" /><testcase classname="backend.tests.test_iter71_security_sweep.TestPartnerCodeDisplay" name="test_customer_profile_has_partner_code" time="0.212" /><testcase classname="backend.tests.test_iter71_security_sweep.TestPartnerCodeDisplay" name="test_admin_profile_has_partner_code" time="0.118" /><testcase classname="backend.tests.test_iter71_security_sweep.TestPartnerCodeDisplay" name="test_tenant_b_admin_has_correct_partner_code" time="0.510" /><testcase classname="backend.tests.test_iter71_security_sweep.TestOrdersUpdateTenantIsolation" name="test_cannot_update_order_with_tenant_b_customer_id" time="0.344"><skipped type="pytest.skip" message="No customers available in Tenant B for testing">/app/backend/tests/test_iter71_security_sweep.py:250: No customers available in Tenant B for testing</skipped></testcase><testcase classname="backend.tests.test_iter71_security_sweep.TestOrdersUpdateTenantIsolation" name="test_cannot_update_order_with_tenant_b_subscription_id" time="0.179"><skipped type="pytest.skip" message="No subscriptions available in Tenant B for testing">/app/backend/tests/test_iter71_security_sweep.py:275: No subscriptions available in Tenant B for testing</skipped></testcase><testcase classname="backend.tests.test_iter71_security_sweep.TestSubscriptionsUpdateTenantIsolation" name="test_cannot_update_subscription_with_tenant_b_customer_id" time="0.118"><skipped type="pytest.skip" message="No subscriptions available in Tenant A for testing">/app/backend/tests/test_iter71_security_sweep.py:338: No subscriptions available in Tenant A for testing</skipped></testcase><testcase classname="backend.tests.test_iter71_security_sweep.TestBankTransactionsTenantIsolation" name="test_cannot_create_bank_transaction_with_tenant_b_order" time="0.154"><skipped type="pytest.skip" message="No orders available in Tenant B for testing">/app/backend/tests/test_iter71_security_sweep.py:387: No orders available in Tenant B for testing</skipped></testcase><testcase classname="backend.tests.test_iter71_security_sweep.TestBankTransactionsTenantIsolation" name="test_can_create_bank_transaction_without_linked_order" time="0.388" /><testcase classname="backend.tests.test_iter71_security_sweep.TestCrossTenantDataAccess" name="test_tenant_a_cannot_see_tenant_b_orders" time="0.148"><skipped type="pytest.skip" message="No Tenant B orders to test">/app/backend/tests/test_iter71_security_sweep.py:474: No Tenant B orders to test</skipped></testcase><testcase classname="backend.tests.test_iter71_security_sweep.TestCrossTenantDataAccess" name="test_tenant_a_cannot_see_tenant_b_customers" time="0.125"><skipped type="pytest.skip" message="No Tenant B customers to test">/app/backend/tests/test_iter71_security_sweep.py:502: No Tenant B customers to test</skipped></testcase><testcase classname="backend.tests.test_iter71_security_sweep.TestCrossTenantDataAccess" name="test_tenant_a_cannot_see_tenant_b_subscriptions" time="0.259"><skipped type="pytest.skip" message="No Tenant B subscriptions to test">/app/backend/tests/test_iter71_security_sweep.py:530: No Tenant B subscriptions to test</skipped></testcase><testcase classname="backend.tests.test_iter71_security_sweep.TestDirectResourceAccessIDOR" name="test_tenant_a_cannot_update_tenant_b_order" time="0.195"><skipped type="pytest.skip" message="No Tenant B orders for IDOR test">/app/backend/tests/test_iter71_security_sweep.py:583: No Tenant B orders for IDOR test</skipped></testcase><testcase classname="backend.tests.test_iter71_security_sweep.TestDirectResourceAccessIDOR" name="test_tenant_a_cannot_delete_tenant_b_order" time="0.000"><skipped type="pytest.skip" message="No Tenant B orders for IDOR test">/app/backend/tests/test_iter71_security_sweep.py:599: No Tenant B orders for IDOR test</skipped></testcase><testcase classname="backend.tests.test_iter71_security_sweep.TestDirectResourceAccessIDOR" name="test_tenant_a_cannot_update_tenant_b_subscription" time="0.141"><skipped type="pytest.skip" message="No Tenant B subscriptions for IDOR test">/app/backend/tests/test_iter71_security_sweep.py:615: No Tenant B subscriptions for IDOR test</skipped></testcase><testcase classname="backend.tests.test_iter71_security_sweep.TestDirectResourceAccessIDOR" name="test_tenant_a_cannot_cancel_tenant_b_subscription" time="0.001"><skipped type="pytest.skip" message="No Tenant B subscriptions for IDOR test">/app/backend/tests/test_iter71_security_sweep.py:631: No Tenant B subscriptions for IDOR test</skipped></testcase><testcase classname="backend.tests.test_iter71_security_sweep.TestSubscriptionCancelWebhookIsolation" name="test_cancel_subscription_returns_correct_response" time="0.234"><skipped type="pytest.skip" message="No active subscriptions to test cancel">/app/backend/tests/test_iter71_security_sweep.py:668: No active subscriptions to test cancel</skipped></testcase><testcase classname="backend.tests.test_iter71_security_sweep.TestBasicFunctionalityRegression" name="test_admin_can_list_orders" time="0.136" /><testcase classname="backend.tests.test_iter71_security_sweep.TestBasicFunctionalityRegression" name="test_admin_can_list_subscriptions" time="0.137" /><testcase classname="backend.tests.test_iter71_security_sweep.TestBasicFunctionalityRegression" name="test_admin_can_list_bank_transactions" time="0.156" /><testcase classname="backend.tests.test_iter71_security_sweep.TestBasicFunctionalityRegression" name="test_admin_can_list_customers" time="0.148" /></testsuite></testsuites>