<?xml version="1.0" encoding="utf-8"?><testsuites name="pytest tests"><testsuite name="pytest" errors="0" failures="11" skipped="0" tests="23" time="8.974" timestamp="2026-02-23T20:51:58.692302+00:00" hostname="agent-env-5595a57b-b6d2-48f0-ac08-236d2b1c9632"><testcase classname="backend.tests.test_iter71_security_sweep.TestAdminTabVisibility" name="test_customer_has_is_admin_false" time="0.886" /><testcase classname="backend.tests.test_iter71_security_sweep.TestAdminTabVisibility" name="test_admin_has_is_admin_true" time="0.465" /><testcase classname="backend.tests.test_iter71_security_sweep.TestAdminTabVisibility" name="test_customer_cannot_access_admin_endpoints" time="0.568" /><testcase classname="backend.tests.test_iter71_security_sweep.TestPartnerCodeDisplay" name="test_customer_profile_has_partner_code" time="0.210" /><testcase classname="backend.tests.test_iter71_security_sweep.TestPartnerCodeDisplay" name="test_admin_profile_has_partner_code" time="0.194" /><testcase classname="backend.tests.test_iter71_security_sweep.TestPartnerCodeDisplay" name="test_tenant_b_admin_has_correct_partner_code" time="0.653" /><testcase classname="backend.tests.test_iter71_security_sweep.TestOrdersUpdateTenantIsolation" name="test_cannot_update_order_with_tenant_b_customer_id" time="0.547"><failure message="AssertionError: SECURITY BUG: Tenant A admin was able to set Tenant B customer_id! Expected 400, got 200: {&quot;message&quot;:&quot;Order updated successfully&quot;}&#10;assert 200 == 400&#10; +  where 200 = &lt;Response [200]&gt;.status_code">backend/tests/test_iter71_security_sweep.py:264: in test_cannot_update_order_with_tenant_b_customer_id
    assert resp.status_code == 400, (
E   AssertionError: SECURITY BUG: Tenant A admin was able to set Tenant B customer_id! Expected 400, got 200: {"message":"Order updated successfully"}
E   assert 200 == 400
E    +  where 200 = &lt;Response [200]&gt;.status_code</failure></testcase><testcase classname="backend.tests.test_iter71_security_sweep.TestOrdersUpdateTenantIsolation" name="test_cannot_update_order_with_tenant_b_subscription_id" time="0.294"><failure message="AssertionError: Expected 400/404 for cross-tenant subscription_id, got 200: {&quot;message&quot;:&quot;Order updated successfully&quot;}&#10;assert 200 in [400, 404]&#10; +  where 200 = &lt;Response [200]&gt;.status_code">backend/tests/test_iter71_security_sweep.py:296: in test_cannot_update_order_with_tenant_b_subscription_id
    assert resp.status_code in [400, 404], (
E   AssertionError: Expected 400/404 for cross-tenant subscription_id, got 200: {"message":"Order updated successfully"}
E   assert 200 in [400, 404]
E    +  where 200 = &lt;Response [200]&gt;.status_code</failure></testcase><testcase classname="backend.tests.test_iter71_security_sweep.TestSubscriptionsUpdateTenantIsolation" name="test_cannot_update_subscription_with_tenant_b_customer_id" time="0.521"><failure message="AssertionError: SECURITY BUG: Tenant A admin was able to set Tenant B customer_id on subscription! Expected 400, got 200: {&quot;message&quot;:&quot;Subscription updated&quot;}&#10;assert 200 == 400&#10; +  where 200 = &lt;Response [200]&gt;.status_code">backend/tests/test_iter71_security_sweep.py:352: in test_cannot_update_subscription_with_tenant_b_customer_id
    assert resp.status_code == 400, (
E   AssertionError: SECURITY BUG: Tenant A admin was able to set Tenant B customer_id on subscription! Expected 400, got 200: {"message":"Subscription updated"}
E   assert 200 == 400
E    +  where 200 = &lt;Response [200]&gt;.status_code</failure></testcase><testcase classname="backend.tests.test_iter71_security_sweep.TestBankTransactionsTenantIsolation" name="test_cannot_create_bank_transaction_with_tenant_b_order" time="0.335"><failure message="AssertionError: SECURITY BUG: Tenant A admin was able to link bank transaction to Tenant B order! Expected 400, got 200: {&quot;transaction&quot;:{&quot;id&quot;:&quot;b903ffff-608f-4841-8cf3-f60d56a49226&quot;,&quot;tenant_id&quot;:&quot;automate-accounts&quot;,&quot;date&quot;:&quot;2026-02-23T20:52:03.334095+00:00&quot;,&quot;source&quot;:&quot;manual&quot;,&quot;transaction_id&quot;:&quot;TEST_IDOR_CHECK&quot;,&quot;type&quot;:&quot;credit&quot;,&quot;amount&quot;:100.0,&quot;fees&quot;:0.0,&quot;net_amount&quot;:100.0,&quot;currency&quot;:&quot;USD&quot;,&quot;status&quot;:&quot;completed&quot;,&quot;description&quot;:&quot;IDOR test transaction&quot;,&quot;linked_order_id&quot;:&quot;856b6512-2ca3-46ab-83ef-7457dd199031&quot;,&quot;internal_notes&quot;:null,&quot;logs&quot;:[{&quot;timestamp&quot;:&quot;2026-02-23T20:52:03.439468+00:00&quot;,&quot;action&quot;:&quot;created&quot;,&quot;actor&quot;:&quot;admin@automateaccounts.local&quot;,&quot;details&quot;:{}}],&quot;created_at&quot;:&quot;2026-02-23T20:52:03.439478+00:00&quot;,&quot;created_by&quot;:&quot;admin@automateaccounts.local&quot;}}&#10;assert 200 == 400&#10; +  where 200 = &lt;Response [200]&gt;.status_code">backend/tests/test_iter71_security_sweep.py:412: in test_cannot_create_bank_transaction_with_tenant_b_order
    assert resp.status_code == 400, (
E   AssertionError: SECURITY BUG: Tenant A admin was able to link bank transaction to Tenant B order! Expected 400, got 200: {"transaction":{"id":"b903ffff-608f-4841-8cf3-f60d56a49226","tenant_id":"automate-accounts","date":"2026-02-23T20:52:03.334095+00:00","source":"manual","transaction_id":"TEST_IDOR_CHECK","type":"credit","amount":100.0,"fees":0.0,"net_amount":100.0,"currency":"USD","status":"completed","description":"IDOR test transaction","linked_order_id":"856b6512-2ca3-46ab-83ef-7457dd199031","internal_notes":null,"logs":[{"timestamp":"2026-02-23T20:52:03.439468+00:00","action":"created","actor":"admin@automateaccounts.local","details":{}}],"created_at":"2026-02-23T20:52:03.439478+00:00","created_by":"admin@automateaccounts.local"}}
E   assert 200 == 400
E    +  where 200 = &lt;Response [200]&gt;.status_code</failure></testcase><testcase classname="backend.tests.test_iter71_security_sweep.TestBankTransactionsTenantIsolation" name="test_can_create_bank_transaction_without_linked_order" time="0.371" /><testcase classname="backend.tests.test_iter71_security_sweep.TestCrossTenantDataAccess" name="test_tenant_a_cannot_see_tenant_b_orders" time="0.318"><failure message="AssertionError: SECURITY BUG: Tenant B orders leaked to Tenant A: {'856b6512-2ca3-46ab-83ef-7457dd199031'}&#10;assert not {'856b6512-2ca3-46ab-83ef-7457dd199031'}">backend/tests/test_iter71_security_sweep.py:486: in test_tenant_a_cannot_see_tenant_b_orders
    assert not leaked_orders, (
E   AssertionError: SECURITY BUG: Tenant B orders leaked to Tenant A: {'856b6512-2ca3-46ab-83ef-7457dd199031'}
E   assert not {'856b6512-2ca3-46ab-83ef-7457dd199031'}</failure></testcase><testcase classname="backend.tests.test_iter71_security_sweep.TestCrossTenantDataAccess" name="test_tenant_a_cannot_see_tenant_b_customers" time="0.762"><failure message="AssertionError: SECURITY BUG: Tenant B customers leaked to Tenant A: {'3a05a4dc-a5eb-4262-8ea8-83b9008a0b67'}&#10;assert not {'3a05a4dc-a5eb-4262-8ea8-83b9008a0b67'}">backend/tests/test_iter71_security_sweep.py:514: in test_tenant_a_cannot_see_tenant_b_customers
    assert not leaked_customers, (
E   AssertionError: SECURITY BUG: Tenant B customers leaked to Tenant A: {'3a05a4dc-a5eb-4262-8ea8-83b9008a0b67'}
E   assert not {'3a05a4dc-a5eb-4262-8ea8-83b9008a0b67'}</failure></testcase><testcase classname="backend.tests.test_iter71_security_sweep.TestCrossTenantDataAccess" name="test_tenant_a_cannot_see_tenant_b_subscriptions" time="0.254"><failure message="AssertionError: SECURITY BUG: Tenant B subscriptions leaked to Tenant A: {'115cf76e-4078-40db-895a-7b56c0ced4ed'}&#10;assert not {'115cf76e-4078-40db-895a-7b56c0ced4ed'}">backend/tests/test_iter71_security_sweep.py:542: in test_tenant_a_cannot_see_tenant_b_subscriptions
    assert not leaked_subs, (
E   AssertionError: SECURITY BUG: Tenant B subscriptions leaked to Tenant A: {'115cf76e-4078-40db-895a-7b56c0ced4ed'}
E   assert not {'115cf76e-4078-40db-895a-7b56c0ced4ed'}</failure></testcase><testcase classname="backend.tests.test_iter71_security_sweep.TestDirectResourceAccessIDOR" name="test_tenant_a_cannot_update_tenant_b_order" time="0.266"><failure message="AssertionError: SECURITY BUG: Tenant A admin could access Tenant B order! Expected 404, got 200: {&quot;message&quot;:&quot;Order updated successfully&quot;}&#10;assert 200 == 404&#10; +  where 200 = &lt;Response [200]&gt;.status_code">backend/tests/test_iter71_security_sweep.py:593: in test_tenant_a_cannot_update_tenant_b_order
    assert resp.status_code == 404, (
E   AssertionError: SECURITY BUG: Tenant A admin could access Tenant B order! Expected 404, got 200: {"message":"Order updated successfully"}
E   assert 200 == 404
E    +  where 200 = &lt;Response [200]&gt;.status_code</failure></testcase><testcase classname="backend.tests.test_iter71_security_sweep.TestDirectResourceAccessIDOR" name="test_tenant_a_cannot_delete_tenant_b_order" time="0.136"><failure message="AssertionError: SECURITY BUG: Tenant A admin could delete Tenant B order! Expected 404, got 200: {&quot;message&quot;:&quot;Order deleted successfully&quot;}&#10;assert 200 == 404&#10; +  where 200 = &lt;Response [200]&gt;.status_code">backend/tests/test_iter71_security_sweep.py:609: in test_tenant_a_cannot_delete_tenant_b_order
    assert resp.status_code == 404, (
E   AssertionError: SECURITY BUG: Tenant A admin could delete Tenant B order! Expected 404, got 200: {"message":"Order deleted successfully"}
E   assert 200 == 404
E    +  where 200 = &lt;Response [200]&gt;.status_code</failure></testcase><testcase classname="backend.tests.test_iter71_security_sweep.TestDirectResourceAccessIDOR" name="test_tenant_a_cannot_update_tenant_b_subscription" time="0.464"><failure message="AssertionError: SECURITY BUG: Tenant A admin could access Tenant B subscription! Expected 404, got 200: {&quot;message&quot;:&quot;Subscription updated&quot;}&#10;assert 200 == 404&#10; +  where 200 = &lt;Response [200]&gt;.status_code">backend/tests/test_iter71_security_sweep.py:625: in test_tenant_a_cannot_update_tenant_b_subscription
    assert resp.status_code == 404, (
E   AssertionError: SECURITY BUG: Tenant A admin could access Tenant B subscription! Expected 404, got 200: {"message":"Subscription updated"}
E   assert 200 == 404
E    +  where 200 = &lt;Response [200]&gt;.status_code</failure></testcase><testcase classname="backend.tests.test_iter71_security_sweep.TestDirectResourceAccessIDOR" name="test_tenant_a_cannot_cancel_tenant_b_subscription" time="0.772"><failure message="AssertionError: SECURITY BUG: Tenant A admin could cancel Tenant B subscription! Expected 404, got 200: {&quot;message&quot;:&quot;Subscription cancellation scheduled&quot;,&quot;cancelled_at&quot;:&quot;2026-02-23T20:52:06.727076+00:00&quot;}&#10;assert 200 == 404&#10; +  where 200 = &lt;Response [200]&gt;.status_code">backend/tests/test_iter71_security_sweep.py:640: in test_tenant_a_cannot_cancel_tenant_b_subscription
    assert resp.status_code == 404, (
E   AssertionError: SECURITY BUG: Tenant A admin could cancel Tenant B subscription! Expected 404, got 200: {"message":"Subscription cancellation scheduled","cancelled_at":"2026-02-23T20:52:06.727076+00:00"}
E   assert 200 == 404
E    +  where 200 = &lt;Response [200]&gt;.status_code</failure></testcase><testcase classname="backend.tests.test_iter71_security_sweep.TestSubscriptionCancelWebhookIsolation" name="test_cancel_subscription_returns_correct_response" time="0.261" /><testcase classname="backend.tests.test_iter71_security_sweep.TestBasicFunctionalityRegression" name="test_admin_can_list_orders" time="0.138" /><testcase classname="backend.tests.test_iter71_security_sweep.TestBasicFunctionalityRegression" name="test_admin_can_list_subscriptions" time="0.144" /><testcase classname="backend.tests.test_iter71_security_sweep.TestBasicFunctionalityRegression" name="test_admin_can_list_bank_transactions" time="0.119" /><testcase classname="backend.tests.test_iter71_security_sweep.TestBasicFunctionalityRegression" name="test_admin_can_list_customers" time="0.139" /></testsuite></testsuites>