<?xml version="1.0" encoding="utf-8"?><testsuites name="pytest tests"><testsuite name="pytest" errors="0" failures="0" skipped="4" tests="19" time="7.742" timestamp="2026-02-23T23:23:35.810568+00:00" hostname="agent-env-780affef-ca14-4da2-b665-727395d94a8f"><testcase classname="backend.tests.test_iter74_security_features.TestJWTTokenRefresh" name="test_login_returns_token_and_sets_cookies" time="0.588" /><testcase classname="backend.tests.test_iter74_security_features.TestJWTTokenRefresh" name="test_token_refresh_with_valid_refresh_token" time="0.484" /><testcase classname="backend.tests.test_iter74_security_features.TestJWTTokenRefresh" name="test_token_refresh_without_refresh_token_fails" time="0.128" /><testcase classname="backend.tests.test_iter74_security_features.TestJWTTokenRefresh" name="test_access_token_in_header_works" time="0.502" /><testcase classname="backend.tests.test_iter74_security_features.TestCustomerLoginTokens" name="test_customer_login_sets_cookies" time="0.359" /><testcase classname="backend.tests.test_iter74_security_features.TestCustomersListAggregation" name="test_customers_list_returns_all_data_in_one_response" time="0.420" /><testcase classname="backend.tests.test_iter74_security_features.TestCustomersListAggregation" name="test_customers_list_with_search_filter" time="0.461" /><testcase classname="backend.tests.test_iter74_security_features.TestCustomersListAggregation" name="test_customers_list_with_country_filter" time="0.477" /><testcase classname="backend.tests.test_iter74_security_features.TestCustomersListAggregation" name="test_customers_list_with_status_filter" time="0.433" /><testcase classname="backend.tests.test_iter74_security_features.TestCustomersListAggregation" name="test_customers_list_pagination" time="0.497" /><testcase classname="backend.tests.test_iter74_security_features.TestAdminLoginWithNewTokenSystem" name="test_partner_login_works" time="0.393" /><testcase classname="backend.tests.test_iter74_security_features.TestAdminLoginWithNewTokenSystem" name="test_legacy_login_with_partner_code_works" time="0.436" /><testcase classname="backend.tests.test_iter74_security_features.TestAdminLoginWithNewTokenSystem" name="test_admin_can_access_admin_endpoints" time="0.458" /><testcase classname="backend.tests.test_iter74_security_features.TestIDORFixUserActivation" name="test_activate_customer_requires_valid_customer_id" time="0.115"><skipped type="pytest.skip" message="Rate limited - skipping test">/app/backend/tests/test_iter74_security_features.py:285: Rate limited - skipping test</skipped></testcase><testcase classname="backend.tests.test_iter74_security_features.TestIDORFixUserActivation" name="test_deactivate_customer_requires_valid_customer_id" time="0.113"><skipped type="pytest.skip" message="Rate limited - skipping test">/app/backend/tests/test_iter74_security_features.py:311: Rate limited - skipping test</skipped></testcase><testcase classname="backend.tests.test_iter74_security_features.TestBruteForceProtectionVerification" name="test_verification_lockout_after_5_failed_attempts" time="1.000"><skipped type="pytest.skip" message="Server error during verification test: 520">/app/backend/tests/test_iter74_security_features.py:378: Server error during verification test: 520</skipped></testcase><testcase classname="backend.tests.test_iter74_security_features.TestBruteForceProtectionVerification" name="test_verification_with_correct_code_works" time="0.456" /><testcase classname="backend.tests.test_iter74_security_features.TestLoginBruteForceProtection" name="test_login_lockout_message_format" time="0.195" /><testcase classname="backend.tests.test_iter74_security_features.TestLogout" name="test_logout_clears_cookies" time="0.139"><skipped type="pytest.skip" message="Rate limited - skipping test">/app/backend/tests/test_iter74_security_features.py:465: Rate limited - skipping test</skipped></testcase></testsuite></testsuites>