<?xml version="1.0" encoding="utf-8"?><testsuites name="pytest tests"><testsuite name="pytest" errors="0" failures="0" skipped="0" tests="21" time="5.336" timestamp="2026-02-24T04:35:17.931741+00:00" hostname="agent-env-d13d2614-25ee-4fc2-99cd-c9798c6647a1"><testcase classname="backend.tests.test_iter81_zoho_mapping.TestZohoCRMModulesEndpoint" name="test_crm_modules_returns_200" time="1.140" /><testcase classname="backend.tests.test_iter81_zoho_mapping.TestZohoCRMModulesEndpoint" name="test_crm_modules_returns_list" time="0.498" /><testcase classname="backend.tests.test_iter81_zoho_mapping.TestZohoCRMModulesEndpoint" name="test_crm_modules_have_required_fields" time="0.615" /><testcase classname="backend.tests.test_iter81_zoho_mapping.TestZohoCRMModulesEndpoint" name="test_crm_modules_count" time="0.601" /><testcase classname="backend.tests.test_iter81_zoho_mapping.TestZohoCRMModulesEndpoint" name="test_crm_modules_requires_auth" time="0.133" /><testcase classname="backend.tests.test_iter81_zoho_mapping.TestZohoBooksModulesEndpoint" name="test_books_modules_returns_200" time="0.060" /><testcase classname="backend.tests.test_iter81_zoho_mapping.TestZohoBooksModulesEndpoint" name="test_books_modules_returns_exactly_5" time="0.072" /><testcase classname="backend.tests.test_iter81_zoho_mapping.TestZohoBooksModulesEndpoint" name="test_books_modules_correct_names" time="0.056" /><testcase classname="backend.tests.test_iter81_zoho_mapping.TestZohoBooksModulesEndpoint" name="test_books_modules_have_labels" time="0.059" /><testcase classname="backend.tests.test_iter81_zoho_mapping.TestCRMMappingsEndpoint" name="test_get_crm_mappings_returns_200" time="0.051" /><testcase classname="backend.tests.test_iter81_zoho_mapping.TestCRMMappingsEndpoint" name="test_get_crm_mappings_with_provider_filter_zoho_crm" time="0.060" /><testcase classname="backend.tests.test_iter81_zoho_mapping.TestCRMMappingsEndpoint" name="test_get_crm_mappings_with_provider_filter_zoho_books" time="0.059" /><testcase classname="backend.tests.test_iter81_zoho_mapping.TestCRMMappingsEndpoint" name="test_get_crm_mappings_webapp_modules_structure" time="0.053" /><testcase classname="backend.tests.test_iter81_zoho_mapping.TestCRMMappingsEndpoint" name="test_create_crm_mapping" time="0.104" /><testcase classname="backend.tests.test_iter81_zoho_mapping.TestCRMMappingsEndpoint" name="test_create_and_retrieve_mapping" time="0.128" /><testcase classname="backend.tests.test_iter81_zoho_mapping.TestCRMMappingsEndpoint" name="test_delete_crm_mapping" time="0.216" /><testcase classname="backend.tests.test_iter81_zoho_mapping.TestBulkSyncEndpoint" name="test_bulk_sync_no_mappings_returns_appropriate_response" time="0.208" /><testcase classname="backend.tests.test_iter81_zoho_mapping.TestBulkSyncEndpoint" name="test_bulk_sync_with_active_mapping" time="0.873" /><testcase classname="backend.tests.test_iter81_zoho_mapping.TestBulkSyncEndpoint" name="test_bulk_sync_requires_auth" time="0.145" /><testcase classname="backend.tests.test_iter81_zoho_mapping.TestIntegrationStatusForZoho" name="test_zoho_crm_is_validated" time="0.054" /><testcase classname="backend.tests.test_iter81_zoho_mapping.TestIntegrationStatusForZoho" name="test_zoho_books_is_validated" time="0.055" /></testsuite></testsuites>