<?xml version="1.0" encoding="utf-8"?><testsuites name="pytest tests"><testsuite name="pytest" errors="0" failures="1" skipped="12" tests="118" time="61.684" timestamp="2026-02-22T00:24:41.285653+00:00" hostname="agent-env-29916a4a-c5dd-403f-adc7-57b64cce337e"><testcase classname="tests.test_comprehensive_e2e.TestAuth" name="test_root_returns_200" time="0.176" /><testcase classname="tests.test_comprehensive_e2e.TestAuth" name="test_admin_login_success" time="0.386" /><testcase classname="tests.test_comprehensive_e2e.TestAuth" name="test_login_invalid_credentials" time="0.339" /><testcase classname="tests.test_comprehensive_e2e.TestAuth" name="test_me_returns_profile" time="0.453" /><testcase classname="tests.test_comprehensive_e2e.TestAuth" name="test_me_unauthorized" time="0.105" /><testcase classname="tests.test_comprehensive_e2e.TestAuth" name="test_admin_role" time="0.117" /><testcase classname="tests.test_comprehensive_e2e.TestStore" name="test_categories_list" time="0.123" /><testcase classname="tests.test_comprehensive_e2e.TestStore" name="test_products_list" time="0.120" /><testcase classname="tests.test_comprehensive_e2e.TestStore" name="test_product_detail" time="0.265" /><testcase classname="tests.test_comprehensive_e2e.TestStore" name="test_product_not_found" time="0.104" /><testcase classname="tests.test_comprehensive_e2e.TestStore" name="test_terms_list" time="0.105" /><testcase classname="tests.test_comprehensive_e2e.TestStore" name="test_promo_code_validate_invalid" time="0.230"><skipped type="pytest.skip" message="Customer token unavailable">/app/backend/tests/test_comprehensive_e2e.py:277: Customer token unavailable</skipped></testcase><testcase classname="tests.test_comprehensive_e2e.TestStore" name="test_promo_code_validate_valid_zohor" time="0.000"><skipped type="pytest.skip" message="Customer token unavailable">/app/backend/tests/test_comprehensive_e2e.py:283: Customer token unavailable</skipped></testcase><testcase classname="tests.test_comprehensive_e2e.TestArticlesPublic" name="test_public_articles_list" time="0.000"><skipped type="pytest.skip" message="Customer token unavailable">/app/backend/tests/test_comprehensive_e2e.py:301: Customer token unavailable</skipped></testcase><testcase classname="tests.test_comprehensive_e2e.TestArticlesPublic" name="test_validate_scope_final_article" time="0.000"><skipped type="pytest.skip" message="Customer token unavailable">/app/backend/tests/test_comprehensive_e2e.py:307: Customer token unavailable</skipped></testcase><testcase classname="tests.test_comprehensive_e2e.TestArticlesPublic" name="test_validate_scope_invalid_id" time="0.000"><skipped type="pytest.skip" message="Customer token unavailable">/app/backend/tests/test_comprehensive_e2e.py:319: Customer token unavailable</skipped></testcase><testcase classname="tests.test_comprehensive_e2e.TestArticlesPublic" name="test_article_detail" time="0.000"><skipped type="pytest.skip" message="Customer token unavailable">/app/backend/tests/test_comprehensive_e2e.py:323: Customer token unavailable</skipped></testcase><testcase classname="tests.test_comprehensive_e2e.TestProfile" name="test_profile_update_name" time="0.000"><skipped type="pytest.skip" message="Customer token unavailable">/app/backend/tests/test_comprehensive_e2e.py:337: Customer token unavailable</skipped></testcase><testcase classname="tests.test_comprehensive_e2e.TestProfile" name="test_profile_persists" time="0.000"><skipped type="pytest.skip" message="Customer token unavailable">/app/backend/tests/test_comprehensive_e2e.py:343: Customer token unavailable</skipped></testcase><testcase classname="tests.test_comprehensive_e2e.TestAdminCustomers" name="test_customers_list" time="0.114" /><testcase classname="tests.test_comprehensive_e2e.TestAdminCustomers" name="test_customers_pagination" time="0.099" /><testcase classname="tests.test_comprehensive_e2e.TestAdminCustomers" name="test_customers_search_filter" time="1.695" /><testcase classname="tests.test_comprehensive_e2e.TestAdminCustomers" name="test_create_customer_with_correct_payload" time="0.334" /><testcase classname="tests.test_comprehensive_e2e.TestAdminCustomers" name="test_create_customer_duplicate_email_returns_400" time="0.464" /><testcase classname="tests.test_comprehensive_e2e.TestAdminCustomers" name="test_update_customer" time="0.117" /><testcase classname="tests.test_comprehensive_e2e.TestAdminCustomers" name="test_customer_payment_methods_toggle" time="0.109" /><testcase classname="tests.test_comprehensive_e2e.TestAdminCustomers" name="test_customer_activate_deactivate" time="0.214" /><testcase classname="tests.test_comprehensive_e2e.TestAdminCustomers" name="test_customer_notes_merge" time="0.382" /><testcase classname="tests.test_comprehensive_e2e.TestAdminOrders" name="test_orders_list" time="0.157" /><testcase classname="tests.test_comprehensive_e2e.TestAdminOrders" name="test_orders_pagination" time="0.177" /><testcase classname="tests.test_comprehensive_e2e.TestAdminOrders" name="test_orders_status_filter" time="0.112" /><testcase classname="tests.test_comprehensive_e2e.TestAdminOrders" name="test_create_manual_order_with_email" time="0.144" /><testcase classname="tests.test_comprehensive_e2e.TestAdminOrders" name="test_update_order_status" time="0.110" /><testcase classname="tests.test_comprehensive_e2e.TestAdminOrders" name="test_update_order_invalid_status_returns_400" time="0.113" /><testcase classname="tests.test_comprehensive_e2e.TestAdminOrders" name="test_order_logs" time="0.123" /><testcase classname="tests.test_comprehensive_e2e.TestAdminOrders" name="test_delete_order_soft" time="0.291" /><testcase classname="tests.test_comprehensive_e2e.TestAdminOrders" name="test_order_notes_pushed_not_replaced" time="0.350" /><testcase classname="tests.test_comprehensive_e2e.TestAdminSubscriptions" name="test_subscriptions_list" time="0.124" /><testcase classname="tests.test_comprehensive_e2e.TestAdminSubscriptions" name="test_subscriptions_status_filter" time="0.162" /><testcase classname="tests.test_comprehensive_e2e.TestAdminSubscriptions" name="test_subscription_invalid_status_returns_400" time="0.111" /><testcase classname="tests.test_comprehensive_e2e.TestAdminSubscriptions" name="test_subscription_logs" time="0.112" /><testcase classname="tests.test_comprehensive_e2e.TestAdminSubscriptions" name="test_cancel_subscription" time="0.220" /><testcase classname="tests.test_comprehensive_e2e.TestAdminSubscriptions" name="test_subscription_note_merge" time="0.257" /><testcase classname="tests.test_comprehensive_e2e.TestAdminArticles" name="test_articles_list" time="0.110" /><testcase classname="tests.test_comprehensive_e2e.TestAdminArticles" name="test_create_blog_article" time="0.111" /><testcase classname="tests.test_comprehensive_e2e.TestAdminArticles" name="test_create_scope_final_with_price" time="0.125" /><testcase classname="tests.test_comprehensive_e2e.TestAdminArticles" name="test_update_article" time="0.104" /><testcase classname="tests.test_comprehensive_e2e.TestAdminArticles" name="test_article_logs" time="0.098" /><testcase classname="tests.test_comprehensive_e2e.TestAdminArticles" name="test_create_and_delete_article" time="0.211" /><testcase classname="tests.test_comprehensive_e2e.TestAdminCategories" name="test_categories_list" time="0.111" /><testcase classname="tests.test_comprehensive_e2e.TestAdminCategories" name="test_create_category" time="0.136" /><testcase classname="tests.test_comprehensive_e2e.TestAdminCategories" name="test_update_category" time="0.000"><skipped type="pytest.skip" message="No seed category">/app/backend/tests/test_comprehensive_e2e.py:728: No seed category</skipped></testcase><testcase classname="tests.test_comprehensive_e2e.TestAdminCategories" name="test_delete_empty_category_succeeds" time="0.105"><skipped type="pytest.skip" message="No category id returned">/app/backend/tests/test_comprehensive_e2e.py:743: No category id returned</skipped></testcase><testcase classname="tests.test_comprehensive_e2e.TestAdminCategories" name="test_delete_category_with_products_fails_409" time="0.380" /><testcase classname="tests.test_comprehensive_e2e.TestAdminCatalog" name="test_products_all_list" time="0.129" /><testcase classname="tests.test_comprehensive_e2e.TestAdminCatalog" name="test_products_pagination" time="0.110" /><testcase classname="tests.test_comprehensive_e2e.TestAdminCatalog" name="test_create_product" time="0.217" /><testcase classname="tests.test_comprehensive_e2e.TestAdminCatalog" name="test_update_product" time="0.110" /><testcase classname="tests.test_comprehensive_e2e.TestAdminTerms" name="test_terms_list" time="0.104" /><testcase classname="tests.test_comprehensive_e2e.TestAdminTerms" name="test_create_terms" time="0.102" /><testcase classname="tests.test_comprehensive_e2e.TestAdminTerms" name="test_delete_default_terms_returns_400" time="0.254" /><testcase classname="tests.test_comprehensive_e2e.TestAdminTerms" name="test_create_and_delete_terms" time="0.225" /><testcase classname="tests.test_comprehensive_e2e.TestAdminOverrideCodes" name="test_override_codes_list" time="0.121" /><testcase classname="tests.test_comprehensive_e2e.TestAdminOverrideCodes" name="test_create_override_code" time="0.112" /><testcase classname="tests.test_comprehensive_e2e.TestAdminOverrideCodes" name="test_duplicate_override_code_returns_400" time="0.222" /><testcase classname="tests.test_comprehensive_e2e.TestAdminOverrideCodes" name="test_update_override_code" time="0.115" /><testcase classname="tests.test_comprehensive_e2e.TestAdminOverrideCodes" name="test_deactivate_override_code" time="0.104" /><testcase classname="tests.test_comprehensive_e2e.TestAdminPromoCodes" name="test_promo_codes_list" time="0.116" /><testcase classname="tests.test_comprehensive_e2e.TestAdminPromoCodes" name="test_zohor_promo_code_exists" time="0.118" /><testcase classname="tests.test_comprehensive_e2e.TestAdminPromoCodes" name="test_create_promo_code" time="0.130" /><testcase classname="tests.test_comprehensive_e2e.TestAdminPromoCodes" name="test_duplicate_promo_code_returns_400" time="0.226" /><testcase classname="tests.test_comprehensive_e2e.TestAdminPromoCodes" name="test_update_promo_code" time="0.000"><skipped type="pytest.skip" message="No seed promo code">/app/backend/tests/test_comprehensive_e2e.py:941: No seed promo code</skipped></testcase><testcase classname="tests.test_comprehensive_e2e.TestAdminPromoCodes" name="test_create_and_delete_promo_code" time="0.240" /><testcase classname="tests.test_comprehensive_e2e.TestAdminPromoCodes" name="test_missing_code_field_returns_422" time="0.127" /><testcase classname="tests.test_comprehensive_e2e.TestAdminBankTransactions" name="test_bank_transactions_list" time="0.104" /><testcase classname="tests.test_comprehensive_e2e.TestAdminBankTransactions" name="test_create_bank_transaction" time="0.111" /><testcase classname="tests.test_comprehensive_e2e.TestAdminBankTransactions" name="test_bank_transaction_logs" time="0.106" /><testcase classname="tests.test_comprehensive_e2e.TestAdminBankTransactions" name="test_update_bank_transaction" time="0.114" /><testcase classname="tests.test_comprehensive_e2e.TestAdminBankTransactions" name="test_delete_bank_transaction" time="0.210" /><testcase classname="tests.test_comprehensive_e2e.TestAdminQuoteRequests" name="test_quote_requests_list" time="0.117" /><testcase classname="tests.test_comprehensive_e2e.TestAdminQuoteRequests" name="test_create_quote_request" time="0.104" /><testcase classname="tests.test_comprehensive_e2e.TestAdminQuoteRequests" name="test_quote_requests_pagination" time="0.112" /><testcase classname="tests.test_comprehensive_e2e.TestAdminUsers" name="test_users_list" time="0.105" /><testcase classname="tests.test_comprehensive_e2e.TestAdminUsers" name="test_create_admin_user" time="0.334" /><testcase classname="tests.test_comprehensive_e2e.TestAdminSettings" name="test_settings_load" time="0.107" /><testcase classname="tests.test_comprehensive_e2e.TestAdminSettings" name="test_settings_has_store_name" time="0.103"><failure message="AssertionError: assert ('store_name' in {'settings': {'accent_color': '#dc2626', 'logo_url': '', 'primary_color': '#0f172a', 'resend_api_key': '••••••••2345', ...}} or False)&#10; +  where False = any(&lt;generator object TestAdminSettings.test_settings_has_store_name.&lt;locals&gt;.&lt;genexpr&gt; at 0xfd192f9af850&gt;)">tests/test_comprehensive_e2e.py:1085: in test_settings_has_store_name
    assert "store_name" in data or any("store" in k for k in data.keys())
E   AssertionError: assert ('store_name' in {'settings': {'accent_color': '#dc2626', 'logo_url': '', 'primary_color': '#0f172a', 'resend_api_key': '••••••••2345', ...}} or False)
E    +  where False = any(&lt;generator object TestAdminSettings.test_settings_has_store_name.&lt;locals&gt;.&lt;genexpr&gt; at 0xfd192f9af850&gt;)</failure></testcase><testcase classname="tests.test_comprehensive_e2e.TestAdminSettings" name="test_update_setting" time="0.128" /><testcase classname="tests.test_comprehensive_e2e.TestAdminSettings" name="test_structured_settings" time="0.118" /><testcase classname="tests.test_comprehensive_e2e.TestAdminLogs" name="test_logs_list" time="0.131" /><testcase classname="tests.test_comprehensive_e2e.TestAdminLogs" name="test_logs_filter_actor_type_admin" time="0.121" /><testcase classname="tests.test_comprehensive_e2e.TestAdminLogs" name="test_logs_filter_success_false" time="0.120" /><testcase classname="tests.test_comprehensive_e2e.TestAdminLogs" name="test_logs_pagination_different_records" time="0.247" /><testcase classname="tests.test_comprehensive_e2e.TestAdminLogs" name="test_logs_login_creates_audit" time="0.114" /><testcase classname="tests.test_comprehensive_e2e.TestAdminLogs" name="test_logs_per_page_selector" time="0.304" /><testcase classname="tests.test_comprehensive_e2e.TestAdminLogs" name="test_log_detail_by_id" time="0.201" /><testcase classname="tests.test_comprehensive_e2e.TestExports" name="test_export_orders" time="0.097" /><testcase classname="tests.test_comprehensive_e2e.TestExports" name="test_export_customers" time="0.117" /><testcase classname="tests.test_comprehensive_e2e.TestExports" name="test_export_subscriptions" time="0.095" /><testcase classname="tests.test_comprehensive_e2e.TestExports" name="test_export_catalog" time="0.104" /><testcase classname="tests.test_comprehensive_e2e.TestExports" name="test_export_bank_transactions" time="0.129" /><testcase classname="tests.test_comprehensive_e2e.TestExports" name="test_export_quote_requests" time="0.108" /><testcase classname="tests.test_comprehensive_e2e.TestExports" name="test_export_promo_codes" time="19.436" /><testcase classname="tests.test_comprehensive_e2e.TestExports" name="test_export_override_codes" time="19.471" /><testcase classname="tests.test_comprehensive_e2e.TestExports" name="test_export_terms" time="0.124" /><testcase classname="tests.test_comprehensive_e2e.TestExports" name="test_export_articles" time="0.143" /><testcase classname="tests.test_comprehensive_e2e.TestExports" name="test_export_categories" time="0.136" /><testcase classname="tests.test_comprehensive_e2e.TestGuardrailsAndErrors" name="test_401_unauthenticated_admin_endpoint" time="0.110" /><testcase classname="tests.test_comprehensive_e2e.TestGuardrailsAndErrors" name="test_403_customer_accessing_admin" time="0.000"><skipped type="pytest.skip" message="Customer token unavailable">/app/backend/tests/test_comprehensive_e2e.py:1229: Customer token unavailable</skipped></testcase><testcase classname="tests.test_comprehensive_e2e.TestGuardrailsAndErrors" name="test_404_nonexistent_subscription_logs" time="0.099" /><testcase classname="tests.test_comprehensive_e2e.TestGuardrailsAndErrors" name="test_422_missing_required_promo_code_field" time="0.116" /><testcase classname="tests.test_comprehensive_e2e.TestGuardrailsAndErrors" name="test_400_invalid_order_status" time="0.105" /><testcase classname="tests.test_comprehensive_e2e.TestGuardrailsAndErrors" name="test_400_invalid_subscription_status" time="0.112" /><testcase classname="tests.test_comprehensive_e2e.TestGuardrailsAndErrors" name="test_currency_override_via_endpoint" time="0.125" /><testcase classname="tests.test_comprehensive_e2e.TestAuditLogCompleteness" name="test_audit_log_for_article_created" time="0.733" /><testcase classname="tests.test_comprehensive_e2e.TestAuditLogCompleteness" name="test_audit_entity_type_pascal_case_article" time="0.117" /><testcase classname="tests.test_comprehensive_e2e.TestAuditLogCompleteness" name="test_audit_log_source_admin_ui" time="0.142" /><testcase classname="tests.test_comprehensive_e2e.TestAuditLogCompleteness" name="test_audit_promo_code_entity_type" time="0.830" /><testcase classname="tests.test_comprehensive_e2e.TestAuditLogCompleteness" name="test_audit_log_for_subscription_cancelled" time="2.923" /></testsuite></testsuites>