<?xml version="1.0" encoding="utf-8"?><testsuites name="pytest tests"><testsuite name="pytest" errors="0" failures="0" skipped="0" tests="17" time="3.637" timestamp="2026-02-26T23:05:32.807087+00:00" hostname="agent-env-bc979b65-53d6-46f4-8732-049f7d26a4ed"><testcase classname="backend.tests.test_iter134_admin_settings_tabs.TestGetMyTenant" name="test_get_my_tenant_unauthenticated_returns_401" time="0.243" /><testcase classname="backend.tests.test_iter134_admin_settings_tabs.TestGetMyTenant" name="test_get_my_tenant_as_platform_admin_returns_tenant" time="0.570" /><testcase classname="backend.tests.test_iter134_admin_settings_tabs.TestGetMyTenant" name="test_get_my_tenant_as_partner_admin_returns_tenant_with_address" time="0.449" /><testcase classname="backend.tests.test_iter134_admin_settings_tabs.TestGetMyTenant" name="test_get_my_tenant_response_has_no_mongo_id" time="0.123" /><testcase classname="backend.tests.test_iter134_admin_settings_tabs.TestGetMyTenant" name="test_get_my_tenant_platform_admin_has_is_platform_true" time="0.111" /><testcase classname="backend.tests.test_iter134_admin_settings_tabs.TestUpdateTenantAddress" name="test_update_address_unauthenticated_returns_401" time="0.235" /><testcase classname="backend.tests.test_iter134_admin_settings_tabs.TestUpdateTenantAddress" name="test_update_address_missing_required_fields_returns_400" time="0.111" /><testcase classname="backend.tests.test_iter134_admin_settings_tabs.TestUpdateTenantAddress" name="test_update_address_as_partner_admin_succeeds" time="0.143" /><testcase classname="backend.tests.test_iter134_admin_settings_tabs.TestUpdateTenantAddress" name="test_update_address_verify_persistence" time="0.317" /><testcase classname="backend.tests.test_iter134_admin_settings_tabs.TestUpdateTenantAddress" name="test_update_address_partner_cannot_update_other_tenant" time="0.256" /><testcase classname="backend.tests.test_iter134_admin_settings_tabs.TestUpdateTenantAddress" name="test_update_address_as_platform_admin_succeeds_for_any_tenant" time="0.115" /><testcase classname="backend.tests.test_iter134_admin_settings_tabs.TestDocumentsWebsiteSettings" name="test_website_settings_includes_documents_fields" time="0.114" /><testcase classname="backend.tests.test_iter134_admin_settings_tabs.TestDocumentsWebsiteSettings" name="test_update_documents_settings" time="0.129" /><testcase classname="backend.tests.test_iter134_admin_settings_tabs.TestDocumentsWebsiteSettings" name="test_documents_settings_saved_and_retrievable" time="0.268" /><testcase classname="backend.tests.test_iter134_admin_settings_tabs.TestPublicWebsiteSettings" name="test_public_website_settings_includes_documents_fields" time="0.110" /><testcase classname="backend.tests.test_iter134_admin_settings_tabs.TestBaseCurrency" name="test_get_base_currency" time="0.106" /><testcase classname="backend.tests.test_iter134_admin_settings_tabs.TestBaseCurrency" name="test_update_base_currency" time="0.174" /></testsuite></testsuites>