<?xml version="1.0" encoding="utf-8"?><testsuites name="pytest tests"><testsuite name="pytest" errors="0" failures="6" skipped="4" tests="22" time="1.811" timestamp="2026-02-26T06:35:40.129993+00:00" hostname="agent-env-72361239-4259-4a7c-a061-737a678443a6"><testcase classname="backend.tests.test_iter120_currency_email_refs.TestPermissionsNoQuoteRequests" name="test_permissions_modules_no_quote_requests" time="0.465" /><testcase classname="backend.tests.test_iter120_currency_email_refs.TestPermissionsNoQuoteRequests" name="test_permissions_modules_returns_expected_keys" time="0.053" /><testcase classname="backend.tests.test_iter120_currency_email_refs.TestEmailTemplatesNoLegacyQuoteRequests" name="test_email_templates_no_quote_request_admin" time="0.059"><failure message="AssertionError: quote_request_admin trigger should NOT exist but found: ['article_email', 'enquiry_customer', 'order_placed', 'password_reset', 'quote_request_admin', 'quote_request_customer', 'refund_processed', 'scope_request_admin', 'subscription_cancellation', 'subscription_created', 'verification']&#10;assert 'quote_request_admin' not in ['article_email', 'enquiry_customer', 'order_placed', 'password_reset', 'quote_request_admin', 'quote_request_customer', ...]">backend/tests/test_iter120_currency_email_refs.py:88: in test_email_templates_no_quote_request_admin
    assert "quote_request_admin" not in triggers, \
E   AssertionError: quote_request_admin trigger should NOT exist but found: ['article_email', 'enquiry_customer', 'order_placed', 'password_reset', 'quote_request_admin', 'quote_request_customer', 'refund_processed', 'scope_request_admin', 'subscription_cancellation', 'subscription_created', 'verification']
E   assert 'quote_request_admin' not in ['article_email', 'enquiry_customer', 'order_placed', 'password_reset', 'quote_request_admin', 'quote_request_customer', ...]</failure></testcase><testcase classname="backend.tests.test_iter120_currency_email_refs.TestEmailTemplatesNoLegacyQuoteRequests" name="test_email_templates_no_quote_request_customer" time="0.053"><failure message="AssertionError: quote_request_customer trigger should NOT exist but found: ['article_email', 'enquiry_customer', 'order_placed', 'password_reset', 'quote_request_admin', 'quote_request_customer', 'refund_processed', 'scope_request_admin', 'subscription_cancellation', 'subscription_created', 'verification']&#10;assert 'quote_request_customer' not in ['article_email', 'enquiry_customer', 'order_placed', 'password_reset', 'quote_request_admin', 'quote_request_customer', ...]">backend/tests/test_iter120_currency_email_refs.py:98: in test_email_templates_no_quote_request_customer
    assert "quote_request_customer" not in triggers, \
E   AssertionError: quote_request_customer trigger should NOT exist but found: ['article_email', 'enquiry_customer', 'order_placed', 'password_reset', 'quote_request_admin', 'quote_request_customer', 'refund_processed', 'scope_request_admin', 'subscription_cancellation', 'subscription_created', 'verification']
E   assert 'quote_request_customer' not in ['article_email', 'enquiry_customer', 'order_placed', 'password_reset', 'quote_request_admin', 'quote_request_customer', ...]</failure></testcase><testcase classname="backend.tests.test_iter120_currency_email_refs.TestEmailTemplatesNoLegacyQuoteRequests" name="test_email_templates_has_expected_triggers" time="0.067" /><testcase classname="backend.tests.test_iter120_currency_email_refs.TestArticleRefResolution" name="test_create_reference_for_article" time="0.050" /><testcase classname="backend.tests.test_iter120_currency_email_refs.TestArticleRefResolution" name="test_create_article_with_ref_token" time="0.110"><failure message="AssertionError: Create article failed: 400 {&quot;detail&quot;:&quot;Invalid category&quot;}&#10;assert 400 in (200, 201)&#10; +  where 400 = &lt;Response [400]&gt;.status_code">backend/tests/test_iter120_currency_email_refs.py:162: in test_create_article_with_ref_token
    assert res.status_code in (200, 201), f"Create article failed: {res.status_code} {res.text}"
E   AssertionError: Create article failed: 400 {"detail":"Invalid category"}
E   assert 400 in (200, 201)
E    +  where 400 = &lt;Response [400]&gt;.status_code</failure></testcase><testcase classname="backend.tests.test_iter120_currency_email_refs.TestArticleRefResolution" name="test_get_article_resolves_ref_token" time="0.000"><skipped type="pytest.skip" message="No article_id – creation test may have failed">/app/backend/tests/test_iter120_currency_email_refs.py:171: No article_id – creation test may have failed</skipped></testcase><testcase classname="backend.tests.test_iter120_currency_email_refs.TestArticleRefResolution" name="test_cleanup_article" time="0.000" /><testcase classname="backend.tests.test_iter120_currency_email_refs.TestArticleRefResolution" name="test_cleanup_reference" time="0.058" /><testcase classname="backend.tests.test_iter120_currency_email_refs.TestFXRateCaching" name="test_fx_api_first_call_succeeds" time="0.088" /><testcase classname="backend.tests.test_iter120_currency_email_refs.TestFXRateCaching" name="test_fx_cache_constants_in_checkout_service" time="0.000"><failure message="AttributeError: module 'importlib.util' has no attribute 'load_from_spec'">backend/tests/test_iter120_currency_email_refs.py:236: in test_fx_cache_constants_in_checkout_service
    mod = importlib.util.load_from_spec(spec)  # type: ignore
          ^^^^^^^^^^^^^^^^^^^^^^^^^^^^^
E   AttributeError: module 'importlib.util' has no attribute 'load_from_spec'</failure></testcase><testcase classname="backend.tests.test_iter120_currency_email_refs.TestFXRateCaching" name="test_fx_get_rate_function_exists" time="0.002" /><testcase classname="backend.tests.test_iter120_currency_email_refs.TestFXRateCaching" name="test_fx_cache_key_format_in_source" time="0.000" /><testcase classname="backend.tests.test_iter120_currency_email_refs.TestOrdersExportCSV" name="test_orders_export_returns_csv" time="0.053" /><testcase classname="backend.tests.test_iter120_currency_email_refs.TestOrdersExportCSV" name="test_orders_export_has_base_currency_amount_or_no_data" time="0.057" /><testcase classname="backend.tests.test_iter120_currency_email_refs.TestOrdersExportCSV" name="test_orders_export_create_order_verify_bca_column" time="0.054"><skipped type="pytest.skip" message="Manual order creation not available with test data: 422">/app/backend/tests/test_iter120_currency_email_refs.py:329: Manual order creation not available with test data: 422</skipped></testcase><testcase classname="backend.tests.test_iter120_currency_email_refs.TestSubscriptionsExportCSV" name="test_subscriptions_export_returns_csv" time="0.064" /><testcase classname="backend.tests.test_iter120_currency_email_refs.TestSubscriptionsExportCSV" name="test_subscriptions_export_has_base_currency_amount_or_reports" time="0.058"><skipped type="pytest.skip" message="No subscriptions data">/app/backend/tests/test_iter120_currency_email_refs.py:374: No subscriptions data</skipped></testcase><testcase classname="backend.tests.test_iter120_currency_email_refs.TestStoreCurrencyFields" name="test_store_products_return_currency_field" time="0.129"><failure message="AssertionError: Store products failed: 404 {&quot;detail&quot;:&quot;Not Found&quot;}&#10;assert 404 == 200&#10; +  where 404 = &lt;Response [404]&gt;.status_code">backend/tests/test_iter120_currency_email_refs.py:401: in test_store_products_return_currency_field
    assert res.status_code == 200, f"Store products failed: {res.status_code} {res.text}"
E   AssertionError: Store products failed: 404 {"detail":"Not Found"}
E   assert 404 == 200
E    +  where 404 = &lt;Response [404]&gt;.status_code</failure></testcase><testcase classname="backend.tests.test_iter120_currency_email_refs.TestStoreCurrencyFields" name="test_prod_bookkeeping_has_cad_currency" time="0.158"><skipped type="pytest.skip" message="Could not fetch prod_bookkeeping: 404">/app/backend/tests/test_iter120_currency_email_refs.py:451: Could not fetch prod_bookkeeping: 404</skipped></testcase><testcase classname="backend.tests.test_iter120_currency_email_refs.TestStoreCurrencyFields" name="test_store_categories_endpoint" time="0.101"><failure message="AssertionError: Store categories failed: 404&#10;assert 404 == 200&#10; +  where 404 = &lt;Response [404]&gt;.status_code">backend/tests/test_iter120_currency_email_refs.py:456: in test_store_categories_endpoint
    assert res.status_code == 200, f"Store categories failed: {res.status_code}"
E   AssertionError: Store categories failed: 404
E   assert 404 == 200
E    +  where 404 = &lt;Response [404]&gt;.status_code</failure></testcase></testsuite></testsuites>