<?xml version="1.0" encoding="utf-8"?><testsuites name="pytest tests"><testsuite name="pytest" errors="0" failures="1" skipped="0" tests="39" time="4.595" timestamp="2026-03-01T03:26:12.940391+00:00" hostname="agent-env-bdc18ca0-b125-4764-ab98-06b466b17cdf"><testcase classname="backend.tests.test_iter157_products_module.TestAuth" name="test_platform_admin_login" time="0.422" /><testcase classname="backend.tests.test_iter157_products_module.TestAuth" name="test_partner_admin_login" time="0.347" /><testcase classname="backend.tests.test_iter157_products_module.TestAuth" name="test_unauthenticated_products_returns_401" time="0.116" /><testcase classname="backend.tests.test_iter157_products_module.TestProductsList" name="test_list_products_returns_200" time="0.506" /><testcase classname="backend.tests.test_iter157_products_module.TestProductsList" name="test_list_products_has_correct_structure" time="0.053" /><testcase classname="backend.tests.test_iter157_products_module.TestProductsList" name="test_list_products_no_mongo_id" time="0.053" /><testcase classname="backend.tests.test_iter157_products_module.TestProductsList" name="test_list_products_has_expected_fields" time="0.064"><failure message="AssertionError: Missing field 'is_subscription' in product&#10;assert 'is_subscription' in {'base_price': 99.0, 'billing_period': 'one_time', 'category': 'General Services', 'created_at': '2026-02-28T19:08:07.529416+00:00', ...}">backend/tests/test_iter157_products_module.py:121: in test_list_products_has_expected_fields
    assert field in p, f"Missing field '{field}' in product"
E   AssertionError: Missing field 'is_subscription' in product
E   assert 'is_subscription' in {'base_price': 99.0, 'billing_period': 'one_time', 'category': 'General Services', 'created_at': '2026-02-28T19:08:07.529416+00:00', ...}</failure></testcase><testcase classname="backend.tests.test_iter157_products_module.TestProductsList" name="test_partner_list_products_returns_200" time="0.469" /><testcase classname="backend.tests.test_iter157_products_module.TestProductsList" name="test_search_filter_works" time="0.057" /><testcase classname="backend.tests.test_iter157_products_module.TestCreateProduct" name="test_create_one_time_product" time="0.079" /><testcase classname="backend.tests.test_iter157_products_module.TestCreateProduct" name="test_create_subscription_product_with_stripe" time="0.052" /><testcase classname="backend.tests.test_iter157_products_module.TestCreateProduct" name="test_create_product_with_external_pricing" time="0.060" /><testcase classname="backend.tests.test_iter157_products_module.TestCreateProduct" name="test_create_product_with_enquiry_pricing" time="0.067" /><testcase classname="backend.tests.test_iter157_products_module.TestCreateProduct" name="test_create_product_with_visibility_conditions" time="0.053" /><testcase classname="backend.tests.test_iter157_products_module.TestCreateProduct" name="test_create_product_with_store_card" time="0.056" /><testcase classname="backend.tests.test_iter157_products_module.TestCreateProduct" name="test_partner_can_create_product" time="0.065" /><testcase classname="backend.tests.test_iter157_products_module.TestProductPersistence" name="test_create_and_verify_in_list" time="0.113" /><testcase classname="backend.tests.test_iter157_products_module.TestUpdateProduct" name="test_update_product_name" time="0.117" /><testcase classname="backend.tests.test_iter157_products_module.TestUpdateProduct" name="test_deactivate_product" time="0.110" /><testcase classname="backend.tests.test_iter157_products_module.TestUpdateProduct" name="test_update_nonexistent_product_returns_404" time="0.054" /><testcase classname="backend.tests.test_iter157_products_module.TestSubscriptionFields" name="test_subscription_fields_persisted" time="0.060" /><testcase classname="backend.tests.test_iter157_products_module.TestSubscriptionFields" name="test_billing_type_prorata" time="0.059" /><testcase classname="backend.tests.test_iter157_products_module.TestProductAuditLogs" name="test_product_logs_returns_200" time="0.108" /><testcase classname="backend.tests.test_iter157_products_module.TestProductAuditLogs" name="test_product_logs_contains_creation_event" time="0.110" /><testcase classname="backend.tests.test_iter157_products_module.TestProductAuditLogs" name="test_product_logs_nonexistent_returns_404" time="0.053" /><testcase classname="backend.tests.test_iter157_products_module.TestCategories" name="test_list_categories_returns_200" time="0.061" /><testcase classname="backend.tests.test_iter157_products_module.TestCategories" name="test_create_category" time="0.063" /><testcase classname="backend.tests.test_iter157_products_module.TestCategories" name="test_category_has_id" time="0.000" /><testcase classname="backend.tests.test_iter157_products_module.TestCategories" name="test_update_category" time="0.069" /><testcase classname="backend.tests.test_iter157_products_module.TestCategories" name="test_delete_empty_category" time="0.112" /><testcase classname="backend.tests.test_iter157_products_module.TestCategories" name="test_delete_nonexistent_category_returns_404" time="0.083" /><testcase classname="backend.tests.test_iter157_products_module.TestCategories" name="test_duplicate_category_returns_409" time="0.056" /><testcase classname="backend.tests.test_iter157_products_module.TestCategories" name="test_category_logs_returns_200" time="0.058" /><testcase classname="backend.tests.test_iter157_products_module.TestCategories" name="test_partner_list_categories" time="0.088" /><testcase classname="backend.tests.test_iter157_products_module.TestPartnerIsolation" name="test_partner_cannot_see_platform_products" time="0.159" /><testcase classname="backend.tests.test_iter157_products_module.TestPartnerIsolation" name="test_partner_created_product_visible_to_partner" time="0.148" /><testcase classname="backend.tests.test_iter157_products_module.TestPartnerIsolation" name="test_platform_admin_sees_partner_code_in_products" time="0.126" /><testcase classname="backend.tests.test_iter157_products_module.TestExportCsv" name="test_export_catalog_csv_returns_200" time="0.065" /><testcase classname="backend.tests.test_iter157_products_module.TestExportCsv" name="test_export_csv_content_type" time="0.065" /></testsuite></testsuites>