<?xml version="1.0" encoding="utf-8"?><testsuites name="pytest tests"><testsuite name="pytest" errors="0" failures="0" skipped="0" tests="11" time="2.996" timestamp="2026-03-17T21:50:34.264222+00:00" hostname="agent-env-df525cc9-75e1-4e5d-acef-4a8f41c428d3"><testcase classname="backend.tests.test_iter306_partner_tax_refund.TestPartnerOrderTaxFields" name="test_create_partner_order_with_tax" time="0.695" /><testcase classname="backend.tests.test_iter306_partner_tax_refund.TestPartnerOrderTaxFields" name="test_get_partner_order_has_tax" time="0.175" /><testcase classname="backend.tests.test_iter306_partner_tax_refund.TestPartnerOrderTaxFields" name="test_update_partner_order_tax" time="0.171" /><testcase classname="backend.tests.test_iter306_partner_tax_refund.TestPartnerOrderRefund" name="test_create_paid_order_for_refund" time="0.264" /><testcase classname="backend.tests.test_iter306_partner_tax_refund.TestPartnerOrderRefund" name="test_get_refund_providers" time="0.120" /><testcase classname="backend.tests.test_iter306_partner_tax_refund.TestPartnerOrderRefund" name="test_partial_refund_changes_status" time="0.138" /><testcase classname="backend.tests.test_iter306_partner_tax_refund.TestPartnerOrderRefund" name="test_full_refund_changes_status_to_refunded" time="0.122" /><testcase classname="backend.tests.test_iter306_partner_tax_refund.TestPartnerOrderRefund" name="test_refund_exceeds_available_returns_error" time="0.469" /><testcase classname="backend.tests.test_iter306_partner_tax_refund.TestPartnerOrderRefund" name="test_refund_unpaid_order_returns_error" time="0.339" /><testcase classname="backend.tests.test_iter306_partner_tax_refund.TestPartnerSubscriptionTaxFields" name="test_create_partner_subscription_with_tax" time="0.241" /><testcase classname="backend.tests.test_iter306_partner_tax_refund.TestPartnerSubscriptionTaxFields" name="test_get_subscription_retains_tax" time="0.193" /></testsuite></testsuites>