<?xml version="1.0" encoding="utf-8"?><testsuites name="pytest tests"><testsuite name="pytest" errors="0" failures="0" skipped="0" tests="17" time="6.823" timestamp="2026-02-28T00:25:53.364370+00:00" hostname="agent-env-9b054784-3721-4ae1-b8e0-f30aa0731074"><testcase classname="backend.tests.test_iter142_integration_requests.TestIntegrationRequestsSecurity" name="test_platform_admin_can_list_requests" time="1.625" /><testcase classname="backend.tests.test_iter142_integration_requests.TestIntegrationRequestsSecurity" name="test_partner_admin_cannot_list_requests" time="1.440" /><testcase classname="backend.tests.test_iter142_integration_requests.TestIntegrationRequestsSecurity" name="test_platform_admin_cannot_submit_request" time="0.122" /><testcase classname="backend.tests.test_iter142_integration_requests.TestIntegrationRequestsSecurity" name="test_unauthenticated_cannot_list_requests" time="0.102" /><testcase classname="backend.tests.test_iter142_integration_requests.TestIntegrationRequestsSecurity" name="test_unauthenticated_cannot_submit_request" time="0.106" /><testcase classname="backend.tests.test_iter142_integration_requests.TestIntegrationRequestsCRUD" name="test_partner_admin_can_submit_request" time="0.113" /><testcase classname="backend.tests.test_iter142_integration_requests.TestIntegrationRequestsCRUD" name="test_platform_admin_can_see_submitted_request" time="0.118" /><testcase classname="backend.tests.test_iter142_integration_requests.TestIntegrationRequestsCRUD" name="test_platform_admin_can_update_status" time="0.111" /><testcase classname="backend.tests.test_iter142_integration_requests.TestIntegrationRequestsCRUD" name="test_platform_admin_can_change_status_to_all_options" time="2.092" /><testcase classname="backend.tests.test_iter142_integration_requests.TestIntegrationRequestsCRUD" name="test_invalid_status_returns_400" time="0.109" /><testcase classname="backend.tests.test_iter142_integration_requests.TestIntegrationRequestsCRUD" name="test_platform_admin_can_add_note" time="0.111" /><testcase classname="backend.tests.test_iter142_integration_requests.TestIntegrationRequestsCRUD" name="test_partner_admin_cannot_add_note" time="0.120" /><testcase classname="backend.tests.test_iter142_integration_requests.TestIntegrationRequestsCRUD" name="test_partner_admin_cannot_update_status" time="0.129" /><testcase classname="backend.tests.test_iter142_integration_requests.TestIntegrationRequestsCRUD" name="test_submit_request_requires_integration_name" time="0.106" /><testcase classname="backend.tests.test_iter142_integration_requests.TestIntegrationRequestsCRUD" name="test_submit_request_requires_contact_email" time="0.114" /><testcase classname="backend.tests.test_iter142_integration_requests.TestIntegrationRequestsCRUD" name="test_nonexistent_request_status_update_returns_404" time="0.115" /><testcase classname="backend.tests.test_iter142_integration_requests.TestIntegrationRequestsCRUD" name="test_response_does_not_include_mongo_id" time="0.115" /></testsuite></testsuites>