<?xml version="1.0" encoding="utf-8"?><testsuites name="pytest tests"><testsuite name="pytest" errors="0" failures="0" skipped="13" tests="13" time="0.241" timestamp="2026-02-26T07:02:11.195735+00:00" hostname="agent-env-72361239-4259-4a7c-a061-737a678443a6"><testcase classname="backend.tests.test_iter121_quote_requests_cart_validation.TestCRMMappingsNoQuoteRequests" name="test_crm_mappings_returns_200" time="0.179"><skipped type="pytest.skip" message="Admin login failed (403): {&quot;detail&quot;:&quot;This code is reserved for platform administration. Please use the Platform Admin login portal.&quot;}">/app/backend/tests/test_iter121_quote_requests_cart_validation.py:63: Admin login failed (403): {"detail":"This code is reserved for platform administration. Please use the Platform Admin login portal."}</skipped></testcase><testcase classname="backend.tests.test_iter121_quote_requests_cart_validation.TestCRMMappingsNoQuoteRequests" name="test_webapp_modules_structure" time="0.000"><skipped type="pytest.skip" message="Admin login failed (403): {&quot;detail&quot;:&quot;This code is reserved for platform administration. Please use the Platform Admin login portal.&quot;}">/app/backend/tests/test_iter121_quote_requests_cart_validation.py:72: Admin login failed (403): {"detail":"This code is reserved for platform administration. Please use the Platform Admin login portal."}</skipped></testcase><testcase classname="backend.tests.test_iter121_quote_requests_cart_validation.TestCRMMappingsNoQuoteRequests" name="test_webapp_modules_no_quote_requests" time="0.000"><skipped type="pytest.skip" message="Admin login failed (403): {&quot;detail&quot;:&quot;This code is reserved for platform administration. Please use the Platform Admin login portal.&quot;}">/app/backend/tests/test_iter121_quote_requests_cart_validation.py:83: Admin login failed (403): {"detail":"This code is reserved for platform administration. Please use the Platform Admin login portal."}</skipped></testcase><testcase classname="backend.tests.test_iter121_quote_requests_cart_validation.TestCRMMappingsNoQuoteRequests" name="test_webapp_modules_contains_expected_modules" time="0.000"><skipped type="pytest.skip" message="Admin login failed (403): {&quot;detail&quot;:&quot;This code is reserved for platform administration. Please use the Platform Admin login portal.&quot;}">/app/backend/tests/test_iter121_quote_requests_cart_validation.py:96: Admin login failed (403): {"detail":"This code is reserved for platform administration. Please use the Platform Admin login portal."}</skipped></testcase><testcase classname="backend.tests.test_iter121_quote_requests_cart_validation.TestImportsQuoteRequestsRemoved" name="test_import_quote_requests_returns_400" time="0.000"><skipped type="pytest.skip" message="Admin login failed (403): {&quot;detail&quot;:&quot;This code is reserved for platform administration. Please use the Platform Admin login portal.&quot;}">/app/backend/tests/test_iter121_quote_requests_cart_validation.py:114: Admin login failed (403): {"detail":"This code is reserved for platform administration. Please use the Platform Admin login portal."}</skipped></testcase><testcase classname="backend.tests.test_iter121_quote_requests_cart_validation.TestImportsQuoteRequestsRemoved" name="test_import_quote_requests_error_message" time="0.000"><skipped type="pytest.skip" message="Admin login failed (403): {&quot;detail&quot;:&quot;This code is reserved for platform administration. Please use the Platform Admin login portal.&quot;}">/app/backend/tests/test_iter121_quote_requests_cart_validation.py:129: Admin login failed (403): {"detail":"This code is reserved for platform administration. Please use the Platform Admin login portal."}</skipped></testcase><testcase classname="backend.tests.test_iter121_quote_requests_cart_validation.TestImportsQuoteRequestsRemoved" name="test_import_override_codes_returns_400" time="0.000"><skipped type="pytest.skip" message="Admin login failed (403): {&quot;detail&quot;:&quot;This code is reserved for platform administration. Please use the Platform Admin login portal.&quot;}">/app/backend/tests/test_iter121_quote_requests_cart_validation.py:145: Admin login failed (403): {"detail":"This code is reserved for platform administration. Please use the Platform Admin login portal."}</skipped></testcase><testcase classname="backend.tests.test_iter121_quote_requests_cart_validation.TestImportsQuoteRequestsRemoved" name="test_import_valid_entity_still_works" time="0.000"><skipped type="pytest.skip" message="Admin login failed (403): {&quot;detail&quot;:&quot;This code is reserved for platform administration. Please use the Platform Admin login portal.&quot;}">/app/backend/tests/test_iter121_quote_requests_cart_validation.py:160: Admin login failed (403): {"detail":"This code is reserved for platform administration. Please use the Platform Admin login portal."}</skipped></testcase><testcase classname="backend.tests.test_iter121_quote_requests_cart_validation.TestEntityCollectionsIntegrity" name="test_valid_entities_recognized[customers]" time="0.000"><skipped type="pytest.skip" message="Admin login failed (403): {&quot;detail&quot;:&quot;This code is reserved for platform administration. Please use the Platform Admin login portal.&quot;}">/app/backend/tests/test_iter121_quote_requests_cart_validation.py:183: Admin login failed (403): {"detail":"This code is reserved for platform administration. Please use the Platform Admin login portal."}</skipped></testcase><testcase classname="backend.tests.test_iter121_quote_requests_cart_validation.TestEntityCollectionsIntegrity" name="test_valid_entities_recognized[orders]" time="0.000"><skipped type="pytest.skip" message="Admin login failed (403): {&quot;detail&quot;:&quot;This code is reserved for platform administration. Please use the Platform Admin login portal.&quot;}">/app/backend/tests/test_iter121_quote_requests_cart_validation.py:183: Admin login failed (403): {"detail":"This code is reserved for platform administration. Please use the Platform Admin login portal."}</skipped></testcase><testcase classname="backend.tests.test_iter121_quote_requests_cart_validation.TestEntityCollectionsIntegrity" name="test_valid_entities_recognized[subscriptions]" time="0.000"><skipped type="pytest.skip" message="Admin login failed (403): {&quot;detail&quot;:&quot;This code is reserved for platform administration. Please use the Platform Admin login portal.&quot;}">/app/backend/tests/test_iter121_quote_requests_cart_validation.py:183: Admin login failed (403): {"detail":"This code is reserved for platform administration. Please use the Platform Admin login portal."}</skipped></testcase><testcase classname="backend.tests.test_iter121_quote_requests_cart_validation.TestEntityCollectionsIntegrity" name="test_valid_entities_recognized[articles]" time="0.000"><skipped type="pytest.skip" message="Admin login failed (403): {&quot;detail&quot;:&quot;This code is reserved for platform administration. Please use the Platform Admin login portal.&quot;}">/app/backend/tests/test_iter121_quote_requests_cart_validation.py:183: Admin login failed (403): {"detail":"This code is reserved for platform administration. Please use the Platform Admin login portal."}</skipped></testcase><testcase classname="backend.tests.test_iter121_quote_requests_cart_validation.TestEntityCollectionsIntegrity" name="test_valid_entities_recognized[catalog]" time="0.000"><skipped type="pytest.skip" message="Admin login failed (403): {&quot;detail&quot;:&quot;This code is reserved for platform administration. Please use the Platform Admin login portal.&quot;}">/app/backend/tests/test_iter121_quote_requests_cart_validation.py:183: Admin login failed (403): {"detail":"This code is reserved for platform administration. Please use the Platform Admin login portal."}</skipped></testcase></testsuite></testsuites>