<?xml version="1.0" encoding="utf-8"?><testsuites name="pytest tests"><testsuite name="pytest" errors="0" failures="0" skipped="0" tests="23" time="2.995" timestamp="2026-03-06T02:44:24.794590+00:00" hostname="agent-env-224253c9-1615-4f7d-98cc-251edea04cb9"><testcase classname="backend.tests.test_iter188_intake_pricing.TestPricingCalcPublicAccess" name="test_pricing_calc_no_auth_returns_200" time="0.147" /><testcase classname="backend.tests.test_iter188_intake_pricing.TestPricingCalcPublicAccess" name="test_pricing_calc_base_price_only" time="0.116" /><testcase classname="backend.tests.test_iter188_intake_pricing.TestPricingCalcPublicAccess" name="test_pricing_calc_with_partner_code" time="0.113" /><testcase classname="backend.tests.test_iter188_intake_pricing.TestDropdownPricing" name="test_dropdown_basic_adds_100" time="0.198" /><testcase classname="backend.tests.test_iter188_intake_pricing.TestDropdownPricing" name="test_dropdown_premium_adds_200" time="0.101" /><testcase classname="backend.tests.test_iter188_intake_pricing.TestDropdownPricing" name="test_dropdown_enterprise_adds_500" time="0.103" /><testcase classname="backend.tests.test_iter188_intake_pricing.TestDropdownPricing" name="test_dropdown_empty_no_price_change" time="0.180" /><testcase classname="backend.tests.test_iter188_intake_pricing.TestMultiselectPricing" name="test_multiselect_reports_adds_50" time="0.150" /><testcase classname="backend.tests.test_iter188_intake_pricing.TestMultiselectPricing" name="test_multiselect_multiple_selections" time="0.109" /><testcase classname="backend.tests.test_iter188_intake_pricing.TestMultiselectPricing" name="test_multiselect_all_adds_225" time="0.118" /><testcase classname="backend.tests.test_iter188_intake_pricing.TestBooleanPricing" name="test_boolean_yes_adds_150" time="0.109" /><testcase classname="backend.tests.test_iter188_intake_pricing.TestBooleanPricing" name="test_boolean_no_adds_zero" time="0.102" /><testcase classname="backend.tests.test_iter188_intake_pricing.TestBooleanPricing" name="test_boolean_true_value" time="0.108" /><testcase classname="backend.tests.test_iter188_intake_pricing.TestNumberPricing" name="test_number_5_users_adds_50_plus_formula_25" time="0.109" /><testcase classname="backend.tests.test_iter188_intake_pricing.TestNumberPricing" name="test_number_10_users_adds_100_plus_formula_50" time="0.174" /><testcase classname="backend.tests.test_iter188_intake_pricing.TestNumberPricing" name="test_number_zero_no_change" time="0.108" /><testcase classname="backend.tests.test_iter188_intake_pricing.TestFormulaPricing" name="test_formula_expression_users_times_5" time="0.109" /><testcase classname="backend.tests.test_iter188_intake_pricing.TestFormulaPricing" name="test_formula_with_different_user_count" time="0.127" /><testcase classname="backend.tests.test_iter188_intake_pricing.TestCombinedPricing" name="test_all_questions_combined" time="0.152" /><testcase classname="backend.tests.test_iter188_intake_pricing.TestCombinedPricing" name="test_company_name_no_price_effect" time="0.112" /><testcase classname="backend.tests.test_iter188_intake_pricing.TestCombinedPricing" name="test_line_items_contain_breakdown" time="0.105" /><testcase classname="backend.tests.test_iter188_intake_pricing.TestPricingCalcProductNotFound" name="test_invalid_product_id_returns_404" time="0.140" /><testcase classname="backend.tests.test_iter188_intake_pricing.TestPricingCalcProductNotFound" name="test_pricing_calc_requires_product_id" time="0.114" /></testsuite></testsuites>