<?xml version="1.0" encoding="utf-8"?><testsuites name="pytest tests"><testsuite name="pytest" errors="0" failures="0" skipped="1" tests="25" time="5.481" timestamp="2026-03-11T23:44:37.245357+00:00" hostname="agent-env-943997b2-85e1-4ff8-bcfc-ecd0f6401733"><testcase classname="backend.tests.test_iter250_p0_fixes.TestTenantInfoEndpoint" name="test_tenant_info_no_params_returns_400" time="0.198" /><testcase classname="backend.tests.test_iter250_p0_fixes.TestTenantInfoEndpoint" name="test_tenant_info_with_valid_code" time="0.144" /><testcase classname="backend.tests.test_iter250_p0_fixes.TestTenantInfoEndpoint" name="test_tenant_info_with_invalid_code" time="0.115" /><testcase classname="backend.tests.test_iter250_p0_fixes.TestTenantInfoEndpoint" name="test_tenant_info_with_invalid_api_key" time="0.120" /><testcase classname="backend.tests.test_iter250_p0_fixes.TestPromoCodeCurrencyValidation" name="test_promo_code_validate_requires_auth" time="0.106" /><testcase classname="backend.tests.test_iter250_p0_fixes.TestPromoCodeCurrencyValidation" name="test_promo_code_validate_with_nonexistent_code" time="0.473" /><testcase classname="backend.tests.test_iter250_p0_fixes.TestPromoCodeCurrencyValidation" name="test_apply_promo_request_model_has_currency_field" time="0.134" /><testcase classname="backend.tests.test_iter250_p0_fixes.TestFreeCheckoutForSubscriptions" name="test_checkout_free_endpoint_exists" time="0.099" /><testcase classname="backend.tests.test_iter250_p0_fixes.TestFreeCheckoutForSubscriptions" name="test_checkout_free_requires_auth" time="0.102" /><testcase classname="backend.tests.test_iter250_p0_fixes.TestApiKeyFlow" name="test_list_api_keys_requires_auth" time="0.147" /><testcase classname="backend.tests.test_iter250_p0_fixes.TestApiKeyFlow" name="test_list_api_keys_with_admin_auth" time="0.382" /><testcase classname="backend.tests.test_iter250_p0_fixes.TestApiKeyFlow" name="test_tenant_info_with_valid_api_key" time="0.407"><skipped type="pytest.skip" message="No active API key found - skipping X-API-Key tenant-info test">/app/backend/tests/test_iter250_p0_fixes.py:166: No active API key found - skipping X-API-Key tenant-info test</skipped></testcase><testcase classname="backend.tests.test_iter250_p0_fixes.TestCheckoutStatus" name="test_checkout_status_requires_auth" time="0.157" /><testcase classname="backend.tests.test_iter250_p0_fixes.TestCheckoutStatus" name="test_checkout_status_invalid_session" time="0.790" /><testcase classname="backend.tests.test_iter250_p0_fixes.TestResourceView" name="test_get_resources_list" time="0.109" /><testcase classname="backend.tests.test_iter250_p0_fixes.TestResourceView" name="test_get_resource_by_id_requires_access" time="0.132" /><testcase classname="backend.tests.test_iter250_p0_fixes.TestScopeRequestForm" name="test_scope_request_form_requires_auth" time="0.114" /><testcase classname="backend.tests.test_iter250_p0_fixes.TestScopeRequestForm" name="test_scope_request_form_accepts_documented_schema" time="0.114" /><testcase classname="backend.tests.test_iter250_p0_fixes.TestCheckoutSession" name="test_checkout_session_accepts_documented_schema" time="0.126" /><testcase classname="backend.tests.test_iter250_p0_fixes.TestCheckoutSession" name="test_checkout_session_requires_auth" time="0.129" /><testcase classname="backend.tests.test_iter250_p0_fixes.TestUsersAPI" name="test_list_admin_users" time="0.415" /><testcase classname="backend.tests.test_iter250_p0_fixes.TestUsersAPI" name="test_get_user_module_permissions" time="0.468" /><testcase classname="backend.tests.test_iter250_p0_fixes.TestProductsForStoreFilter" name="test_get_products_returns_list" time="0.136" /><testcase classname="backend.tests.test_iter250_p0_fixes.TestProductsForStoreFilter" name="test_get_categories_returns_list" time="0.149" /><testcase classname="backend.tests.test_iter250_p0_fixes.TestProductsForStoreFilter" name="test_store_filters_endpoint" time="0.118" /></testsuite></testsuites>