<?xml version="1.0" encoding="utf-8"?><testsuites name="pytest tests"><testsuite name="pytest" errors="0" failures="0" skipped="1" tests="15" time="3.745" timestamp="2026-02-26T20:46:21.077166+00:00" hostname="agent-env-9f669684-ef58-4e9a-9efd-470a5a7046ea"><testcase classname="backend.tests.test_iter132_provinces_renewal.TestProvincesEndpoint" name="test_canada_full_name_returns_13_provinces" time="0.194" /><testcase classname="backend.tests.test_iter132_provinces_renewal.TestProvincesEndpoint" name="test_canada_iso_code_ca_returns_13_provinces" time="0.125" /><testcase classname="backend.tests.test_iter132_provinces_renewal.TestProvincesEndpoint" name="test_usa_full_name_returns_51_states" time="0.115" /><testcase classname="backend.tests.test_iter132_provinces_renewal.TestProvincesEndpoint" name="test_usa_iso_code_us_returns_51_states" time="0.127" /><testcase classname="backend.tests.test_iter132_provinces_renewal.TestProvincesEndpoint" name="test_uk_returns_empty_regions" time="0.106" /><testcase classname="backend.tests.test_iter132_provinces_renewal.TestProvincesEndpoint" name="test_other_country_returns_empty" time="0.160" /><testcase classname="backend.tests.test_iter132_provinces_renewal.TestProvincesEndpoint" name="test_response_structure" time="0.107" /><testcase classname="backend.tests.test_iter132_provinces_renewal.TestProvincesEndpoint" name="test_missing_country_code_param_returns_422" time="0.146" /><testcase classname="backend.tests.test_iter132_provinces_renewal.TestProvincesEndpoint" name="test_endpoint_is_public_no_auth_required" time="0.121" /><testcase classname="backend.tests.test_iter132_provinces_renewal.TestAdminLoginRegression" name="test_platform_admin_login_success" time="0.723" /><testcase classname="backend.tests.test_iter132_provinces_renewal.TestAdminLoginRegression" name="test_partner_admin_login_success" time="0.118"><skipped type="pytest.skip" message="Partner admin account locked from prior test runs — not a regression">/app/backend/tests/test_iter132_provinces_renewal.py:135: Partner admin account locked from prior test runs — not a regression</skipped></testcase><testcase classname="backend.tests.test_iter132_provinces_renewal.TestAdminLoginRegression" name="test_admin_login_wrong_password_401" time="0.369" /><testcase classname="backend.tests.test_iter132_provinces_renewal.TestCustomerLoginRegression" name="test_customer_login_success" time="0.347" /><testcase classname="backend.tests.test_iter132_provinces_renewal.TestCustomerLoginRegression" name="test_customer_can_access_orders" time="0.453" /><testcase classname="backend.tests.test_iter132_provinces_renewal.TestCustomerLoginRegression" name="test_customer_can_access_subscriptions" time="0.463" /></testsuite></testsuites>