<?xml version="1.0" encoding="utf-8"?><testsuites name="pytest tests"><testsuite name="pytest" errors="0" failures="0" skipped="0" tests="12" time="2.147" timestamp="2026-02-26T06:10:33.475284+00:00" hostname="agent-env-72361239-4259-4a7c-a061-737a678443a6"><testcase classname="backend.tests.test_iter119_fx_currency_refactor.TestFXExternalAPI" name="test_fx_api_returns_success" time="0.084" /><testcase classname="backend.tests.test_iter119_fx_currency_refactor.TestFXExternalAPI" name="test_fx_api_has_rates" time="0.065" /><testcase classname="backend.tests.test_iter119_fx_currency_refactor.TestFXExternalAPI" name="test_fx_api_has_base_code" time="0.066" /><testcase classname="backend.tests.test_iter119_fx_currency_refactor.TestFXExternalAPI" name="test_fx_api_eur_base" time="0.069" /><testcase classname="backend.tests.test_iter119_fx_currency_refactor.TestBackendCheckoutServiceImports" name="test_backend_reachable" time="0.114" /><testcase classname="backend.tests.test_iter119_fx_currency_refactor.TestBackendCheckoutServiceImports" name="test_orders_endpoint_accessible_post_refactor" time="0.447" /><testcase classname="backend.tests.test_iter119_fx_currency_refactor.TestBackendCheckoutServiceImports" name="test_subscriptions_endpoint_accessible_post_refactor" time="0.115" /><testcase classname="backend.tests.test_iter119_fx_currency_refactor.TestManualOrderCurrencyAPI" name="test_get_products_for_order" time="0.131" /><testcase classname="backend.tests.test_iter119_fx_currency_refactor.TestManualOrderCurrencyAPI" name="test_manual_order_creation_with_currency" time="0.230" /><testcase classname="backend.tests.test_iter119_fx_currency_refactor.TestManualOrderCurrencyAPI" name="test_manual_subscription_creation_with_currency" time="0.220" /><testcase classname="backend.tests.test_iter119_fx_currency_refactor.TestBaseCurrencyEndpoint" name="test_base_currency_returns_valid_currency" time="0.124" /><testcase classname="backend.tests.test_iter119_fx_currency_refactor.TestBaseCurrencyEndpoint" name="test_base_currency_update_and_verify" time="0.431" /></testsuite></testsuites>