<?xml version="1.0" encoding="utf-8"?><testsuites name="pytest tests"><testsuite name="pytest" errors="8" failures="0" skipped="0" tests="12" time="3.489" timestamp="2026-02-24T23:26:37.879109+00:00" hostname="agent-env-b6f8077c-68da-4747-b6e3-ac4cba5c0fe6"><testcase classname="backend.tests.test_iter91_visibility_email_fixes.TestProductRestrictedTo" name="test_restricted_product_hidden_from_blocked_customer" time="0.676"><error message="failed on setup with &quot;AssertionError: Failed to create test customer: 405 {&quot;detail&quot;:&quot;Method Not Allowed&quot;}&#10;assert 405 in [200, 201]&#10; +  where 405 = &lt;Response [405]&gt;.status_code&quot;">backend/tests/test_iter91_visibility_email_fixes.py:58: in test_customer
    assert resp.status_code in [200, 201], f"Failed to create test customer: {resp.status_code} {resp.text}"
E   AssertionError: Failed to create test customer: 405 {"detail":"Method Not Allowed"}
E   assert 405 in [200, 201]
E    +  where 405 = &lt;Response [405]&gt;.status_code</error></testcase><testcase classname="backend.tests.test_iter91_visibility_email_fixes.TestProductRestrictedTo" name="test_restricted_product_visible_to_anonymous" time="0.000"><error message="failed on setup with &quot;AssertionError: Failed to create test customer: 405 {&quot;detail&quot;:&quot;Method Not Allowed&quot;}&#10;assert 405 in [200, 201]&#10; +  where 405 = &lt;Response [405]&gt;.status_code&quot;">backend/tests/test_iter91_visibility_email_fixes.py:58: in test_customer
    assert resp.status_code in [200, 201], f"Failed to create test customer: {resp.status_code} {resp.text}"
E   AssertionError: Failed to create test customer: 405 {"detail":"Method Not Allowed"}
E   assert 405 in [200, 201]
E    +  where 405 = &lt;Response [405]&gt;.status_code</error></testcase><testcase classname="backend.tests.test_iter91_visibility_email_fixes.TestProductRestrictedTo" name="test_restricted_product_visible_to_admin" time="0.000"><error message="failed on setup with &quot;AssertionError: Failed to create test customer: 405 {&quot;detail&quot;:&quot;Method Not Allowed&quot;}&#10;assert 405 in [200, 201]&#10; +  where 405 = &lt;Response [405]&gt;.status_code&quot;">backend/tests/test_iter91_visibility_email_fixes.py:58: in test_customer
    assert resp.status_code in [200, 201], f"Failed to create test customer: {resp.status_code} {resp.text}"
E   AssertionError: Failed to create test customer: 405 {"detail":"Method Not Allowed"}
E   assert 405 in [200, 201]
E    +  where 405 = &lt;Response [405]&gt;.status_code</error></testcase><testcase classname="backend.tests.test_iter91_visibility_email_fixes.TestProductWhitelistVisibility" name="test_whitelist_product_visible_to_whitelisted_customer" time="0.000"><error message="failed on setup with &quot;AssertionError: Failed to create test customer: 405 {&quot;detail&quot;:&quot;Method Not Allowed&quot;}&#10;assert 405 in [200, 201]&#10; +  where 405 = &lt;Response [405]&gt;.status_code&quot;">backend/tests/test_iter91_visibility_email_fixes.py:58: in test_customer
    assert resp.status_code in [200, 201], f"Failed to create test customer: {resp.status_code} {resp.text}"
E   AssertionError: Failed to create test customer: 405 {"detail":"Method Not Allowed"}
E   assert 405 in [200, 201]
E    +  where 405 = &lt;Response [405]&gt;.status_code</error></testcase><testcase classname="backend.tests.test_iter91_visibility_email_fixes.TestProductWhitelistVisibility" name="test_whitelist_product_hidden_from_anonymous" time="0.000"><error message="failed on setup with &quot;AssertionError: Failed to create test customer: 405 {&quot;detail&quot;:&quot;Method Not Allowed&quot;}&#10;assert 405 in [200, 201]&#10; +  where 405 = &lt;Response [405]&gt;.status_code&quot;">backend/tests/test_iter91_visibility_email_fixes.py:58: in test_customer
    assert resp.status_code in [200, 201], f"Failed to create test customer: {resp.status_code} {resp.text}"
E   AssertionError: Failed to create test customer: 405 {"detail":"Method Not Allowed"}
E   assert 405 in [200, 201]
E    +  where 405 = &lt;Response [405]&gt;.status_code</error></testcase><testcase classname="backend.tests.test_iter91_visibility_email_fixes.TestProductWhitelistVisibility" name="test_whitelist_product_visible_to_admin" time="0.000"><error message="failed on setup with &quot;AssertionError: Failed to create test customer: 405 {&quot;detail&quot;:&quot;Method Not Allowed&quot;}&#10;assert 405 in [200, 201]&#10; +  where 405 = &lt;Response [405]&gt;.status_code&quot;">backend/tests/test_iter91_visibility_email_fixes.py:58: in test_customer
    assert resp.status_code in [200, 201], f"Failed to create test customer: {resp.status_code} {resp.text}"
E   AssertionError: Failed to create test customer: 405 {"detail":"Method Not Allowed"}
E   assert 405 in [200, 201]
E    +  where 405 = &lt;Response [405]&gt;.status_code</error></testcase><testcase classname="backend.tests.test_iter91_visibility_email_fixes.TestProductModelRestrictedTo" name="test_create_product_with_restricted_to" time="0.000"><error message="failed on setup with &quot;AssertionError: Failed to create test customer: 405 {&quot;detail&quot;:&quot;Method Not Allowed&quot;}&#10;assert 405 in [200, 201]&#10; +  where 405 = &lt;Response [405]&gt;.status_code&quot;">backend/tests/test_iter91_visibility_email_fixes.py:58: in test_customer
    assert resp.status_code in [200, 201], f"Failed to create test customer: {resp.status_code} {resp.text}"
E   AssertionError: Failed to create test customer: 405 {"detail":"Method Not Allowed"}
E   assert 405 in [200, 201]
E    +  where 405 = &lt;Response [405]&gt;.status_code</error></testcase><testcase classname="backend.tests.test_iter91_visibility_email_fixes.TestProductModelRestrictedTo" name="test_update_product_restricted_to" time="0.000"><error message="failed on setup with &quot;AssertionError: Failed to create test customer: 405 {&quot;detail&quot;:&quot;Method Not Allowed&quot;}&#10;assert 405 in [200, 201]&#10; +  where 405 = &lt;Response [405]&gt;.status_code&quot;">backend/tests/test_iter91_visibility_email_fixes.py:58: in test_customer
    assert resp.status_code in [200, 201], f"Failed to create test customer: {resp.status_code} {resp.text}"
E   AssertionError: Failed to create test customer: 405 {"detail":"Method Not Allowed"}
E   assert 405 in [200, 201]
E    +  where 405 = &lt;Response [405]&gt;.status_code</error></testcase><testcase classname="backend.tests.test_iter91_visibility_email_fixes.TestEmailTenantIdFix" name="test_register_returns_email_delivery_field" time="1.415" /><testcase classname="backend.tests.test_iter91_visibility_email_fixes.TestEmailTenantIdFix" name="test_register_with_default_tenant_sends_email" time="0.953" /><testcase classname="backend.tests.test_iter91_visibility_email_fixes.TestAdminProductsListFiltering" name="test_admin_can_list_all_products" time="0.171" /><testcase classname="backend.tests.test_iter91_visibility_email_fixes.TestAdminProductsListFiltering" name="test_store_products_returns_200" time="0.152" /></testsuite></testsuites>