<?xml version="1.0" encoding="utf-8"?><testsuites name="pytest tests"><testsuite name="pytest" errors="0" failures="0" skipped="0" tests="10" time="1.988" timestamp="2026-02-21T17:49:09.451258+00:00" hostname="agent-env-07a1a3c8-734e-40e7-8be6-bb21cd96a81d"><testcase classname="backend.tests.test_iter22_fixes.TestValidateScopeShortId" name="test_validate_scope_with_full_uuid" time="0.562" /><testcase classname="backend.tests.test_iter22_fixes.TestValidateScopeShortId" name="test_validate_scope_with_short_id" time="0.106" /><testcase classname="backend.tests.test_iter22_fixes.TestValidateScopeShortId" name="test_validate_scope_invalid_id_returns_404" time="0.118" /><testcase classname="backend.tests.test_iter22_fixes.TestValidateScopeShortId" name="test_validate_scope_short_and_full_return_same_article" time="0.348" /><testcase classname="backend.tests.test_iter22_fixes.TestScopeRequestFormNotesJson" name="test_scope_request_form_creates_order_with_notes_json" time="0.127" /><testcase classname="backend.tests.test_iter22_fixes.TestScopeRequestFormNotesJson" name="test_scope_request_form_order_has_notes_json" time="0.172" /><testcase classname="backend.tests.test_iter22_fixes.TestScopeRequestFormNotesJson" name="test_scope_request_form_notes_json_payment_field" time="0.137" /><testcase classname="backend.tests.test_iter22_fixes.TestScopeRequestFormNotesJson" name="test_cleanup_scope_request_form_order" time="0.133" /><testcase classname="backend.tests.test_iter22_fixes.TestArticleMetadata" name="test_article_api_returns_id_field" time="0.105" /><testcase classname="backend.tests.test_iter22_fixes.TestArticleMetadata" name="test_article_api_returns_title" time="0.116" /></testsuite></testsuites>