<?xml version="1.0" encoding="utf-8"?><testsuites name="pytest tests"><testsuite name="pytest" errors="0" failures="0" skipped="0" tests="23" time="3.338" timestamp="2026-02-21T06:38:05.330307+00:00" hostname="agent-env-a01aafa4-35ed-46e3-9455-e7798fbb63e5"><testcase classname="backend.tests.test_bug_fixes_iter12.TestCategoriesSeeded" name="test_get_categories_public_returns_list" time="0.302" /><testcase classname="backend.tests.test_bug_fixes_iter12.TestCategoriesSeeded" name="test_get_categories_contains_expected" time="0.118" /><testcase classname="backend.tests.test_bug_fixes_iter12.TestCategoriesSeeded" name="test_admin_categories_seeded" time="0.470" /><testcase classname="backend.tests.test_bug_fixes_iter12.TestCategoriesSeeded" name="test_no_test_categories_in_public" time="0.115" /><testcase classname="backend.tests.test_bug_fixes_iter12.TestPricingComplexityBackfill" name="test_zoho_books_express_is_complex" time="0.147" /><testcase classname="backend.tests.test_bug_fixes_iter12.TestPricingComplexityBackfill" name="test_calculator_products_are_complex" time="0.146" /><testcase classname="backend.tests.test_bug_fixes_iter12.TestPricingComplexityBackfill" name="test_external_products_are_rfq" time="0.203" /><testcase classname="backend.tests.test_bug_fixes_iter12.TestPricingComplexityBackfill" name="test_fixed_products_are_simple" time="0.107" /><testcase classname="backend.tests.test_bug_fixes_iter12.TestPricingComplexityBackfill" name="test_zoho_one_express_is_simple" time="0.105" /><testcase classname="backend.tests.test_bug_fixes_iter12.TestInactiveProductsBlocked" name="test_create_and_deactivate_product" time="0.116" /><testcase classname="backend.tests.test_bug_fixes_iter12.TestInactiveProductsBlocked" name="test_inactive_product_not_in_storefront_list" time="0.109" /><testcase classname="backend.tests.test_bug_fixes_iter12.TestInactiveProductsBlocked" name="test_inactive_product_returns_404_on_direct_url" time="0.109" /><testcase classname="backend.tests.test_bug_fixes_iter12.TestInactiveProductsBlocked" name="test_inactive_product_still_visible_in_admin" time="0.114" /><testcase classname="backend.tests.test_bug_fixes_iter12.TestInactiveProductsBlocked" name="test_cleanup_test_product" time="0.104" /><testcase classname="backend.tests.test_bug_fixes_iter12.TestQuoteRequestsTab" name="test_get_quote_requests_returns_list" time="0.104" /><testcase classname="backend.tests.test_bug_fixes_iter12.TestQuoteRequestsTab" name="test_get_quote_requests_requires_auth" time="0.111" /><testcase classname="backend.tests.test_bug_fixes_iter12.TestQuoteRequestsTab" name="test_quote_request_no_mongo_id" time="0.110" /><testcase classname="backend.tests.test_bug_fixes_iter12.TestProductFormPrefill" name="test_zoho_one_express_has_required_fields" time="0.108" /><testcase classname="backend.tests.test_bug_fixes_iter12.TestProductFormPrefill" name="test_zoho_books_express_has_inclusions_or_bullets" time="0.114" /><testcase classname="backend.tests.test_bug_fixes_iter12.TestProductFormPrefill" name="test_migrate_to_zoho_books_is_rfq" time="0.115" /><testcase classname="backend.tests.test_bug_fixes_iter12.TestStorefrontActiveProducts" name="test_storefront_no_inactive_products" time="0.106" /><testcase classname="backend.tests.test_bug_fixes_iter12.TestStorefrontActiveProducts" name="test_storefront_product_count_reasonable" time="0.106" /><testcase classname="backend.tests.test_bug_fixes_iter12.TestStorefrontActiveProducts" name="test_known_inactive_product_not_on_storefront" time="0.106" /></testsuite></testsuites>