<?xml version="1.0" encoding="utf-8"?><testsuites name="pytest tests"><testsuite name="pytest" errors="0" failures="0" skipped="0" tests="16" time="3.955" timestamp="2026-02-22T03:06:49.891694+00:00" hostname="agent-env-42cc5c73-dba0-4b1c-97c5-f3fcc916bc0c"><testcase classname="backend.tests.test_iter33_features.TestCategoryLogs" name="test_list_categories_returns_items" time="0.544" /><testcase classname="backend.tests.test_iter33_features.TestCategoryLogs" name="test_category_logs_requires_auth" time="0.264" /><testcase classname="backend.tests.test_iter33_features.TestCategoryLogs" name="test_category_logs_for_existing_category" time="0.225" /><testcase classname="backend.tests.test_iter33_features.TestCategoryLogs" name="test_category_logs_no_id_field" time="0.251" /><testcase classname="backend.tests.test_iter33_features.TestCategoryLogs" name="test_category_logs_after_create" time="0.392" /><testcase classname="backend.tests.test_iter33_features.TestCategoryLogs" name="test_category_logs_after_update" time="0.520" /><testcase classname="backend.tests.test_iter33_features.TestCategoryLogs" name="test_category_logs_nonexistent_returns_empty" time="0.110" /><testcase classname="backend.tests.test_iter33_features.TestCustomersCurrencyField" name="test_customers_list_has_currency_field" time="0.128" /><testcase classname="backend.tests.test_iter33_features.TestCustomersCurrencyField" name="test_customers_with_currency_values" time="0.128" /><testcase classname="backend.tests.test_iter33_features.TestArticlesPagination" name="test_articles_public_endpoint_accessible" time="0.449" /><testcase classname="backend.tests.test_iter33_features.TestArticlesPagination" name="test_articles_count_supports_pagination" time="0.109" /><testcase classname="backend.tests.test_iter33_features.TestArticlesPagination" name="test_articles_count_for_4_pages" time="0.133" /><testcase classname="backend.tests.test_iter33_features.TestArticlesPagination" name="test_articles_have_required_fields" time="0.109" /><testcase classname="backend.tests.test_iter33_features.TestArticlesPagination" name="test_articles_no_id_field" time="0.109" /><testcase classname="backend.tests.test_iter33_features.TestQuoteRequestLogs" name="test_quote_requests_list" time="0.171" /><testcase classname="backend.tests.test_iter33_features.TestQuoteRequestLogs" name="test_quote_request_logs_endpoint" time="0.245" /></testsuite></testsuites>