<?xml version="1.0" encoding="utf-8"?><testsuites name="pytest tests"><testsuite name="pytest" errors="0" failures="7" skipped="0" tests="22" time="7.453" timestamp="2026-02-24T08:07:48.120732+00:00" hostname="agent-env-793a79c4-1920-44bf-9405-95d349d76265"><testcase classname="backend.tests.test_iter84_p0_bugs.TestCartCheckoutDropdowns" name="test_website_settings_public_accessible" time="0.255" /><testcase classname="backend.tests.test_iter84_p0_bugs.TestCartCheckoutDropdowns" name="test_checkout_sections_in_website_settings" time="0.100"><failure message="AssertionError: No checkout sections or legacy checkout config found in settings&#10;assert (False or False or False)">backend/tests/test_iter84_p0_bugs.py:102: in test_checkout_sections_in_website_settings
    assert has_new_sections or has_legacy_zoho or has_legacy_partner, \
E   AssertionError: No checkout sections or legacy checkout config found in settings
E   assert (False or False or False)</failure></testcase><testcase classname="backend.tests.test_iter84_p0_bugs.TestCartCheckoutDropdowns" name="test_website_context_has_checkout_data" time="0.107"><failure message="AssertionError: No checkout-related settings found&#10;assert 0 &gt; 0&#10; +  where 0 = len([])">backend/tests/test_iter84_p0_bugs.py:114: in test_website_context_has_checkout_data
    assert len(checkout_keys) &gt; 0, "No checkout-related settings found"
E   AssertionError: No checkout-related settings found
E   assert 0 &gt; 0
E    +  where 0 = len([])</failure></testcase><testcase classname="backend.tests.test_iter84_p0_bugs.TestCartCheckoutDropdowns" name="test_checkout_sections_parse_correctly" time="0.098"><failure message="AssertionError: Neither new checkout_sections nor legacy checkout config found&#10;assert ('checkout_zoho_enabled' in {'accent_color': '#ee4037', 'contact_email': '', 'logo_url': '', 'primary_color': '#0f172a', ...} or 'checkout_partner_enabled' in {'accent_color': '#ee4037', 'contact_email': '', 'logo_url': '', 'primary_color': '#0f172a', ...})">backend/tests/test_iter84_p0_bugs.py:137: in test_checkout_sections_parse_correctly
    assert "checkout_zoho_enabled" in settings or "checkout_partner_enabled" in settings, \
E   AssertionError: Neither new checkout_sections nor legacy checkout config found
E   assert ('checkout_zoho_enabled' in {'accent_color': '#ee4037', 'contact_email': '', 'logo_url': '', 'primary_color': '#0f172a', ...} or 'checkout_partner_enabled' in {'accent_color': '#ee4037', 'contact_email': '', 'logo_url': '', 'primary_color': '#0f172a', ...})</failure></testcase><testcase classname="backend.tests.test_iter84_p0_bugs.TestCartCheckoutDropdowns" name="test_store_products_available_for_cart" time="0.104"><failure message="AssertionError: Store products failed: 404&#10;assert 404 == 200&#10; +  where 404 = &lt;Response [404]&gt;.status_code">backend/tests/test_iter84_p0_bugs.py:143: in test_store_products_available_for_cart
    assert resp.status_code == 200, f"Store products failed: {resp.status_code}"
E   AssertionError: Store products failed: 404
E   assert 404 == 200
E    +  where 404 = &lt;Response [404]&gt;.status_code</failure></testcase><testcase classname="backend.tests.test_iter84_p0_bugs.TestAdminManualOrderProducts" name="test_admin_products_all_returns_products" time="0.492" /><testcase classname="backend.tests.test_iter84_p0_bugs.TestAdminManualOrderProducts" name="test_admin_products_all_count" time="0.397" /><testcase classname="backend.tests.test_iter84_p0_bugs.TestAdminManualOrderProducts" name="test_admin_customers_returns_users" time="0.395" /><testcase classname="backend.tests.test_iter84_p0_bugs.TestAdminManualOrderProducts" name="test_admin_manual_order_creation_endpoint_exists" time="0.384"><failure message="AssertionError: POST /admin/orders/manual endpoint not found (404)&#10;assert 404 != 404&#10; +  where 404 = &lt;Response [404]&gt;.status_code">backend/tests/test_iter84_p0_bugs.py:204: in test_admin_manual_order_creation_endpoint_exists
    assert resp.status_code != 404, "POST /admin/orders/manual endpoint not found (404)"
E   AssertionError: POST /admin/orders/manual endpoint not found (404)
E   assert 404 != 404
E    +  where 404 = &lt;Response [404]&gt;.status_code</failure></testcase><testcase classname="backend.tests.test_iter84_p0_bugs.TestAdminManualSubscriptionProducts" name="test_admin_subscription_products_loaded" time="0.400" /><testcase classname="backend.tests.test_iter84_p0_bugs.TestAdminManualSubscriptionProducts" name="test_admin_manual_subscription_endpoint_exists" time="0.381" /><testcase classname="backend.tests.test_iter84_p0_bugs.TestCustomerPortal" name="test_customer_login" time="0.319" /><testcase classname="backend.tests.test_iter84_p0_bugs.TestCustomerPortal" name="test_customer_portal_orders_no_404" time="0.386" /><testcase classname="backend.tests.test_iter84_p0_bugs.TestCustomerPortal" name="test_customer_portal_subscriptions_no_404" time="0.382" /><testcase classname="backend.tests.test_iter84_p0_bugs.TestCustomerPortal" name="test_customer_portal_products_no_404" time="0.408" /><testcase classname="backend.tests.test_iter84_p0_bugs.TestCustomerPortal" name="test_customer_portal_all_apis_pass" time="0.487" /><testcase classname="backend.tests.test_iter84_p0_bugs.TestCustomerPortal" name="test_customer_has_correct_data" time="0.450" /><testcase classname="backend.tests.test_iter84_p0_bugs.TestAdminEditOrderDropdown" name="test_admin_orders_list_returns_orders" time="0.412" /><testcase classname="backend.tests.test_iter84_p0_bugs.TestAdminEditOrderDropdown" name="test_admin_order_edit_endpoint_exists" time="0.478" /><testcase classname="backend.tests.test_iter84_p0_bugs.TestAdminEditOrderDropdown" name="test_products_available_for_order_change" time="0.407" /><testcase classname="backend.tests.test_iter84_p0_bugs.TestWebsiteSettingsAdmin" name="test_admin_can_get_website_settings" time="0.371"><failure message="AssertionError: Admin website settings failed: 404&#10;assert 404 == 200&#10; +  where 404 = &lt;Response [404]&gt;.status_code">backend/tests/test_iter84_p0_bugs.py:358: in test_admin_can_get_website_settings
    assert resp.status_code == 200, f"Admin website settings failed: {resp.status_code}"
E   AssertionError: Admin website settings failed: 404
E   assert 404 == 200
E    +  where 404 = &lt;Response [404]&gt;.status_code</failure></testcase><testcase classname="backend.tests.test_iter84_p0_bugs.TestWebsiteSettingsAdmin" name="test_admin_website_settings_has_checkout_config" time="0.097"><failure message="AssertionError: Admin login failed: 429 {&quot;detail&quot;: &quot;Rate limit exceeded. Please slow down and try again.&quot;}&#10;assert 429 == 200&#10; +  where 429 = &lt;Response [429]&gt;.status_code">backend/tests/test_iter84_p0_bugs.py:364: in test_admin_website_settings_has_checkout_config
    s = admin_session()
        ^^^^^^^^^^^^^^^
backend/tests/test_iter84_p0_bugs.py:57: in admin_session
    assert resp.status_code == 200, f"Admin login failed: {resp.status_code} {resp.text}"
E   AssertionError: Admin login failed: 429 {"detail": "Rate limit exceeded. Please slow down and try again."}
E   assert 429 == 200
E    +  where 429 = &lt;Response [429]&gt;.status_code</failure></testcase></testsuite></testsuites>