<?xml version="1.0" encoding="utf-8"?><testsuites name="pytest tests"><testsuite name="pytest" errors="0" failures="0" skipped="1" tests="12" time="4.320" timestamp="2026-03-13T18:05:48.775876+00:00" hostname="agent-env-d9e35322-5d19-475c-87bc-942de76b47dd"><testcase classname="backend.tests.test_iter281_reset_link.TestCustomerSendResetLink" name="test_send_reset_link_success_returns_200" time="1.736" /><testcase classname="backend.tests.test_iter281_reset_link.TestCustomerSendResetLink" name="test_send_reset_link_response_has_mocked_field" time="0.463" /><testcase classname="backend.tests.test_iter281_reset_link.TestCustomerSendResetLink" name="test_send_reset_link_invalid_customer_returns_404" time="0.136" /><testcase classname="backend.tests.test_iter281_reset_link.TestCustomerSendResetLink" name="test_send_reset_link_unauthenticated_returns_401_or_403" time="0.168" /><testcase classname="backend.tests.test_iter281_reset_link.TestUserSendResetLink" name="test_send_reset_link_to_non_super_admin_user" time="0.167"><skipped type="pytest.skip" message="No non-super-admin users found">/app/backend/tests/test_iter281_reset_link.py:109: No non-super-admin users found</skipped></testcase><testcase classname="backend.tests.test_iter281_reset_link.TestUserSendResetLink" name="test_send_reset_link_to_platform_super_admin_returns_403" time="0.256" /><testcase classname="backend.tests.test_iter281_reset_link.TestUserSendResetLink" name="test_send_reset_link_invalid_user_returns_404" time="0.224" /><testcase classname="backend.tests.test_iter281_reset_link.TestUserSendResetLink" name="test_send_reset_link_unauthenticated_returns_401_or_403" time="0.136" /><testcase classname="backend.tests.test_iter281_reset_link.TestAdminAuth" name="test_admin_login_success" time="0.357" /><testcase classname="backend.tests.test_iter281_reset_link.TestAdminAuth" name="test_admin_login_wrong_password" time="0.364" /><testcase classname="backend.tests.test_iter281_reset_link.TestAdminAuth" name="test_admin_customers_list" time="0.128" /><testcase classname="backend.tests.test_iter281_reset_link.TestAdminAuth" name="test_admin_users_list" time="0.119" /></testsuite></testsuites>