<?xml version="1.0" encoding="utf-8"?><testsuites name="pytest tests"><testsuite name="pytest" errors="0" failures="0" skipped="0" tests="18" time="4.293" timestamp="2026-03-05T04:05:58.582160+00:00" hostname="agent-env-d7da6d9c-67ff-4d2c-97bc-81e37c3ba63e"><testcase classname="backend.tests.test_iter187_partner_signup_otp.TestRegisterPartnerSecurity" name="test_name_over_100_chars_rejected" time="0.129" /><testcase classname="backend.tests.test_iter187_partner_signup_otp.TestRegisterPartnerSecurity" name="test_name_exactly_100_chars_accepted" time="0.348" /><testcase classname="backend.tests.test_iter187_partner_signup_otp.TestRegisterPartnerSecurity" name="test_invalid_email_format_rejected" time="0.147" /><testcase classname="backend.tests.test_iter187_partner_signup_otp.TestRegisterPartnerSecurity" name="test_invalid_email_no_domain_rejected" time="0.112" /><testcase classname="backend.tests.test_iter187_partner_signup_otp.TestRegisterPartnerSecurity" name="test_valid_registration_returns_verification_required" time="0.347" /><testcase classname="backend.tests.test_iter187_partner_signup_otp.TestRegisterPartnerSecurity" name="test_no_verification_code_in_response" time="0.346" /><testcase classname="backend.tests.test_iter187_partner_signup_otp.TestRegisterPartnerSecurity" name="test_no_partner_code_in_register_response" time="0.332" /><testcase classname="backend.tests.test_iter187_partner_signup_otp.TestRegisterPartnerSecurity" name="test_missing_required_fields_rejected" time="0.103" /><testcase classname="backend.tests.test_iter187_partner_signup_otp.TestRegisterPartnerSecurity" name="test_admin_name_over_50_chars_rejected" time="0.107" /><testcase classname="backend.tests.test_iter187_partner_signup_otp.TestRegisterPartnerSecurity" name="test_admin_email_over_50_chars_rejected" time="0.099" /><testcase classname="backend.tests.test_iter187_partner_signup_otp.TestRegisterPartnerSecurity" name="test_weak_password_rejected" time="0.124" /><testcase classname="backend.tests.test_iter187_partner_signup_otp.TestTenantInfoForPendingOrg" name="test_pending_tenant_returns_403_inactive" time="0.432" /><testcase classname="backend.tests.test_iter187_partner_signup_otp.TestTenantInfoForPendingOrg" name="test_nonexistent_code_returns_404" time="0.102" /><testcase classname="backend.tests.test_iter187_partner_signup_otp.TestTenantInfoForPendingOrg" name="test_reserved_platform_code_returns_200_platform" time="0.099" /><testcase classname="backend.tests.test_iter187_partner_signup_otp.TestResendVerificationEmail" name="test_resend_for_unverified_user_returns_200" time="0.475" /><testcase classname="backend.tests.test_iter187_partner_signup_otp.TestResendVerificationEmail" name="test_resend_for_nonexistent_email_returns_404" time="0.108" /><testcase classname="backend.tests.test_iter187_partner_signup_otp.TestSameUserReRegistration" name="test_reregister_unverified_partner_updates_not_duplicates" time="0.675" /><testcase classname="backend.tests.test_iter187_partner_signup_otp.TestSameUserReRegistration" name="test_reregister_verified_partner_email_blocked" time="0.125" /></testsuite></testsuites>