<?xml version="1.0" encoding="utf-8"?><testsuites name="pytest tests"><testsuite name="pytest" errors="0" failures="0" skipped="0" tests="25" time="4.801" timestamp="2026-02-21T17:17:05.654403+00:00" hostname="agent-env-07a1a3c8-734e-40e7-8be6-bb21cd96a81d"><testcase classname="backend.tests.test_articles_and_notes.TestArticlesAdminList" name="test_admin_list_articles_returns_200" time="0.673" /><testcase classname="backend.tests.test_articles_and_notes.TestArticlesAdminList" name="test_admin_list_articles_unauthenticated_returns_401" time="0.117" /><testcase classname="backend.tests.test_articles_and_notes.TestArticlesAdminList" name="test_admin_list_articles_category_filter" time="0.111" /><testcase classname="backend.tests.test_articles_and_notes.TestArticlesAdminList" name="test_scope_final_article_exists" time="0.129" /><testcase classname="backend.tests.test_articles_and_notes.TestArticlesPublic" name="test_public_list_articles_returns_200" time="0.441" /><testcase classname="backend.tests.test_articles_and_notes.TestArticlesPublic" name="test_public_list_unauthenticated_returns_401" time="0.139" /><testcase classname="backend.tests.test_articles_and_notes.TestGetArticleById" name="test_get_article_by_id_valid" time="0.116" /><testcase classname="backend.tests.test_articles_and_notes.TestGetArticleById" name="test_get_article_by_id_invalid_returns_404" time="0.110" /><testcase classname="backend.tests.test_articles_and_notes.TestScopeValidation" name="test_validate_scope_valid_article" time="0.151" /><testcase classname="backend.tests.test_articles_and_notes.TestScopeValidation" name="test_validate_scope_invalid_id_returns_404" time="0.201" /><testcase classname="backend.tests.test_articles_and_notes.TestScopeValidation" name="test_validate_scope_non_final_category_returns_400" time="0.230" /><testcase classname="backend.tests.test_articles_and_notes.TestArticlesCRUD" name="test_create_article_blog" time="0.118" /><testcase classname="backend.tests.test_articles_and_notes.TestArticlesCRUD" name="test_create_article_scope_final_requires_price" time="0.104" /><testcase classname="backend.tests.test_articles_and_notes.TestArticlesCRUD" name="test_create_article_scope_final_with_price" time="0.239" /><testcase classname="backend.tests.test_articles_and_notes.TestArticlesCRUD" name="test_get_created_article" time="0.199" /><testcase classname="backend.tests.test_articles_and_notes.TestArticlesCRUD" name="test_update_article" time="0.218" /><testcase classname="backend.tests.test_articles_and_notes.TestArticlesCRUD" name="test_article_logs_created_after_create" time="0.109" /><testcase classname="backend.tests.test_articles_and_notes.TestArticlesCRUD" name="test_delete_article" time="0.236" /><testcase classname="backend.tests.test_articles_and_notes.TestNotesJson" name="test_orders_have_notes_json_field" time="0.104" /><testcase classname="backend.tests.test_articles_and_notes.TestNotesJson" name="test_subscriptions_have_notes_json_field" time="0.113" /><testcase classname="backend.tests.test_articles_and_notes.TestNotesJson" name="test_build_checkout_notes_json_function_correct_structure" time="0.116" /><testcase classname="backend.tests.test_articles_and_notes.TestArticleEmail" name="test_article_email_no_customers_returns_error" time="0.114" /><testcase classname="backend.tests.test_articles_and_notes.TestArticleEmail" name="test_article_email_with_customers_attempts_send" time="0.371" /><testcase classname="backend.tests.test_articles_and_notes.TestRFQProducts" name="test_rfq_products_exist_in_catalog" time="0.113" /><testcase classname="backend.tests.test_articles_and_notes.TestRFQProducts" name="test_products_endpoint_returns_200" time="0.141" /></testsuite></testsuites>