<?xml version="1.0" encoding="utf-8"?><testsuites name="pytest tests"><testsuite name="pytest" errors="0" failures="11" skipped="0" tests="21" time="4.696" timestamp="2026-02-21T04:27:03.466684+00:00" hostname="agent-env-3e96afbb-0e10-4663-9986-67ba52f05e4f"><testcase classname="backend.tests.test_inactive_users_and_csv_export.TestInactiveUserLogin" name="test_inactive_user_login_returns_403" time="0.465" /><testcase classname="backend.tests.test_inactive_users_and_csv_export.TestInactiveUserLogin" name="test_inactive_user_login_exact_message" time="0.336" /><testcase classname="backend.tests.test_inactive_users_and_csv_export.TestAdminToggleUserActive" name="test_get_inactive_user_id" time="0.545" /><testcase classname="backend.tests.test_inactive_users_and_csv_export.TestAdminToggleUserActive" name="test_activate_inactive_user" time="0.207" /><testcase classname="backend.tests.test_inactive_users_and_csv_export.TestAdminToggleUserActive" name="test_login_after_reactivation" time="0.333" /><testcase classname="backend.tests.test_inactive_users_and_csv_export.TestAdminToggleUserActive" name="test_deactivate_user_again" time="0.113" /><testcase classname="backend.tests.test_inactive_users_and_csv_export.TestAdminToggleUserActive" name="test_login_blocked_after_redeactivation" time="0.344" /><testcase classname="backend.tests.test_inactive_users_and_csv_export.TestAdminToggleUserActive" name="test_self_deactivation_not_possible_via_admin" time="0.362" /><testcase classname="backend.tests.test_inactive_users_and_csv_export.TestAdminToggleCustomerActive" name="test_activate_customer" time="0.229"><failure message="assert 403 == 200&#10; +  where 403 = &lt;Response [403]&gt;.status_code">backend/tests/test_inactive_users_and_csv_export.py:185: in test_activate_customer
    assert resp2.status_code == 200
E   assert 403 == 200
E    +  where 403 = &lt;Response [403]&gt;.status_code</failure></testcase><testcase classname="backend.tests.test_inactive_users_and_csv_export.TestAdminToggleCustomerActive" name="test_customer_not_found_returns_404" time="0.097"><failure message="AssertionError: Expected 404, got 403&#10;assert 403 == 404&#10; +  where 403 = &lt;Response [403]&gt;.status_code">backend/tests/test_inactive_users_and_csv_export.py:196: in test_customer_not_found_returns_404
    assert resp.status_code == 404, f"Expected 404, got {resp.status_code}"
E   AssertionError: Expected 404, got 403
E   assert 403 == 404
E    +  where 403 = &lt;Response [403]&gt;.status_code</failure></testcase><testcase classname="backend.tests.test_inactive_users_and_csv_export.TestAdminToggleCustomerActive" name="test_user_not_found_returns_404" time="0.116"><failure message="AssertionError: Expected 404, got 403&#10;assert 403 == 404&#10; +  where 403 = &lt;Response [403]&gt;.status_code">backend/tests/test_inactive_users_and_csv_export.py:205: in test_user_not_found_returns_404
    assert resp.status_code == 404, f"Expected 404, got {resp.status_code}"
E   AssertionError: Expected 404, got 403
E   assert 403 == 404
E    +  where 403 = &lt;Response [403]&gt;.status_code</failure></testcase><testcase classname="backend.tests.test_inactive_users_and_csv_export.TestCSVExports" name="test_export_customers_csv" time="0.132"><failure message="AssertionError: Expected 200, got 403: {&quot;detail&quot;:&quot;Account is inactive. Contact your administrator.&quot;}&#10;assert 403 == 200&#10; +  where 403 = &lt;Response [403]&gt;.status_code">backend/tests/test_inactive_users_and_csv_export.py:217: in test_export_customers_csv
    assert resp.status_code == 200, f"Expected 200, got {resp.status_code}: {resp.text}"
E   AssertionError: Expected 200, got 403: {"detail":"Account is inactive. Contact your administrator."}
E   assert 403 == 200
E    +  where 403 = &lt;Response [403]&gt;.status_code</failure></testcase><testcase classname="backend.tests.test_inactive_users_and_csv_export.TestCSVExports" name="test_export_customers_csv_has_is_active_column" time="0.122"><failure message="assert 403 == 200&#10; +  where 403 = &lt;Response [403]&gt;.status_code">backend/tests/test_inactive_users_and_csv_export.py:233: in test_export_customers_csv_has_is_active_column
    assert resp.status_code == 200
E   assert 403 == 200
E    +  where 403 = &lt;Response [403]&gt;.status_code</failure></testcase><testcase classname="backend.tests.test_inactive_users_and_csv_export.TestCSVExports" name="test_export_orders_csv" time="0.109"><failure message="AssertionError: Expected 200, got 403: {&quot;detail&quot;:&quot;Account is inactive. Contact your administrator.&quot;}&#10;assert 403 == 200&#10; +  where 403 = &lt;Response [403]&gt;.status_code">backend/tests/test_inactive_users_and_csv_export.py:241: in test_export_orders_csv
    assert resp.status_code == 200, f"Expected 200, got {resp.status_code}: {resp.text}"
E   AssertionError: Expected 200, got 403: {"detail":"Account is inactive. Contact your administrator."}
E   assert 403 == 200
E    +  where 403 = &lt;Response [403]&gt;.status_code</failure></testcase><testcase classname="backend.tests.test_inactive_users_and_csv_export.TestCSVExports" name="test_export_orders_csv_with_filters" time="0.128"><failure message="AssertionError: Expected 200, got 403&#10;assert 403 == 200&#10; +  where 403 = &lt;Response [403]&gt;.status_code">backend/tests/test_inactive_users_and_csv_export.py:255: in test_export_orders_csv_with_filters
    assert resp.status_code == 200, f"Expected 200, got {resp.status_code}"
E   AssertionError: Expected 200, got 403
E   assert 403 == 200
E    +  where 403 = &lt;Response [403]&gt;.status_code</failure></testcase><testcase classname="backend.tests.test_inactive_users_and_csv_export.TestCSVExports" name="test_export_subscriptions_csv" time="0.107"><failure message="AssertionError: Expected 200, got 403: {&quot;detail&quot;:&quot;Account is inactive. Contact your administrator.&quot;}&#10;assert 403 == 200&#10; +  where 403 = &lt;Response [403]&gt;.status_code">backend/tests/test_inactive_users_and_csv_export.py:262: in test_export_subscriptions_csv
    assert resp.status_code == 200, f"Expected 200, got {resp.status_code}: {resp.text}"
E   AssertionError: Expected 200, got 403: {"detail":"Account is inactive. Contact your administrator."}
E   assert 403 == 200
E    +  where 403 = &lt;Response [403]&gt;.status_code</failure></testcase><testcase classname="backend.tests.test_inactive_users_and_csv_export.TestCSVExports" name="test_export_catalog_csv" time="0.108"><failure message="AssertionError: Expected 200, got 403: {&quot;detail&quot;:&quot;Account is inactive. Contact your administrator.&quot;}&#10;assert 403 == 200&#10; +  where 403 = &lt;Response [403]&gt;.status_code">backend/tests/test_inactive_users_and_csv_export.py:273: in test_export_catalog_csv
    assert resp.status_code == 200, f"Expected 200, got {resp.status_code}: {resp.text}"
E   AssertionError: Expected 200, got 403: {"detail":"Account is inactive. Contact your administrator."}
E   assert 403 == 200
E    +  where 403 = &lt;Response [403]&gt;.status_code</failure></testcase><testcase classname="backend.tests.test_inactive_users_and_csv_export.TestCSVExports" name="test_export_requires_auth" time="0.472" /><testcase classname="backend.tests.test_inactive_users_and_csv_export.TestCSVExports" name="test_export_subscriptions_csv_with_filters" time="0.101"><failure message="AssertionError: Expected 200, got 403&#10;assert 403 == 200&#10; +  where 403 = &lt;Response [403]&gt;.status_code">backend/tests/test_inactive_users_and_csv_export.py:295: in test_export_subscriptions_csv_with_filters
    assert resp.status_code == 200, f"Expected 200, got {resp.status_code}"
E   AssertionError: Expected 200, got 403
E   assert 403 == 200
E    +  where 403 = &lt;Response [403]&gt;.status_code</failure></testcase><testcase classname="backend.tests.test_inactive_users_and_csv_export.TestActiveUserTokenCheck" name="test_active_admin_can_access_protected_endpoint" time="0.103"><failure message="AssertionError: Expected 200, got 403: {&quot;detail&quot;:&quot;Account is inactive. Contact your administrator.&quot;}&#10;assert 403 == 200&#10; +  where 403 = &lt;Response [403]&gt;.status_code">backend/tests/test_inactive_users_and_csv_export.py:308: in test_active_admin_can_access_protected_endpoint
    assert resp.status_code == 200, f"Expected 200, got {resp.status_code}: {resp.text}"
E   AssertionError: Expected 200, got 403: {"detail":"Account is inactive. Contact your administrator."}
E   assert 403 == 200
E    +  where 403 = &lt;Response [403]&gt;.status_code</failure></testcase><testcase classname="backend.tests.test_inactive_users_and_csv_export.TestActiveUserTokenCheck" name="test_get_current_user_inactive_via_jwt" time="0.003" /></testsuite></testsuites>