<?xml version="1.0" encoding="utf-8"?><testsuites name="pytest tests"><testsuite name="pytest" errors="0" failures="1" skipped="0" tests="27" time="4.619" timestamp="2026-02-22T20:41:51.133256+00:00" hostname="agent-env-86fc3430-1ec8-40f7-a72e-4171d285d04d"><testcase classname="backend.tests.test_website_settings_iter42.TestPublicWebsiteSettings" name="test_public_settings_200" time="0.160" /><testcase classname="backend.tests.test_website_settings_iter42.TestPublicWebsiteSettings" name="test_public_settings_has_defaults" time="0.132" /><testcase classname="backend.tests.test_website_settings_iter42.TestPublicWebsiteSettings" name="test_public_settings_has_form_schemas" time="0.343" /><testcase classname="backend.tests.test_website_settings_iter42.TestPublicWebsiteSettings" name="test_public_settings_form_schemas_are_valid_json" time="0.157" /><testcase classname="backend.tests.test_website_settings_iter42.TestAdminWebsiteSettings" name="test_get_admin_website_settings_200" time="0.518" /><testcase classname="backend.tests.test_website_settings_iter42.TestAdminWebsiteSettings" name="test_admin_website_settings_has_all_sections" time="0.125" /><testcase classname="backend.tests.test_website_settings_iter42.TestAdminWebsiteSettings" name="test_admin_website_settings_has_email_templates" time="0.113" /><testcase classname="backend.tests.test_website_settings_iter42.TestAdminWebsiteSettings" name="test_admin_website_settings_has_error_messages" time="0.123" /><testcase classname="backend.tests.test_website_settings_iter42.TestAdminWebsiteSettings" name="test_admin_website_settings_has_footer_nav" time="0.122" /><testcase classname="backend.tests.test_website_settings_iter42.TestAdminWebsiteSettings" name="test_update_website_settings_hero" time="0.117" /><testcase classname="backend.tests.test_website_settings_iter42.TestAdminWebsiteSettings" name="test_update_persists_in_get" time="0.283" /><testcase classname="backend.tests.test_website_settings_iter42.TestAdminWebsiteSettings" name="test_update_email_templates" time="0.143" /><testcase classname="backend.tests.test_website_settings_iter42.TestAdminWebsiteSettings" name="test_update_error_messages" time="0.127" /><testcase classname="backend.tests.test_website_settings_iter42.TestAdminWebsiteSettings" name="test_update_form_schema" time="0.154" /><testcase classname="backend.tests.test_website_settings_iter42.TestAdminWebsiteSettings" name="test_website_settings_requires_admin_auth" time="0.136" /><testcase classname="backend.tests.test_website_settings_iter42.TestAdminWebsiteSettings" name="test_website_settings_put_requires_admin_auth" time="0.108" /><testcase classname="backend.tests.test_website_settings_iter42.TestStructuredSettings" name="test_structured_settings_200" time="0.203" /><testcase classname="backend.tests.test_website_settings_iter42.TestStructuredSettings" name="test_structured_settings_has_payments_category" time="0.146" /><testcase classname="backend.tests.test_website_settings_iter42.TestStructuredSettings" name="test_structured_settings_has_email_category" time="0.133" /><testcase classname="backend.tests.test_website_settings_iter42.TestStructuredSettings" name="test_structured_settings_has_zoho_category" time="0.187" /><testcase classname="backend.tests.test_website_settings_iter42.TestStructuredSettings" name="test_structured_settings_has_feature_flags" time="0.129" /><testcase classname="backend.tests.test_website_settings_iter42.TestStructuredSettings" name="test_structured_settings_secrets_are_masked" time="0.200" /><testcase classname="backend.tests.test_website_settings_iter42.TestStructuredSettings" name="test_update_setting_by_key" time="0.113" /><testcase classname="backend.tests.test_website_settings_iter42.TestFormSchemaDefaults" name="test_quote_form_schema_default_fields" time="0.141"><failure message="AssertionError: Expected name/email in ['test_field']&#10;assert ('name' in ['test_field'] or 'email' in ['test_field'])">backend/tests/test_website_settings_iter42.py:262: in test_quote_form_schema_default_fields
    assert "name" in keys or "email" in keys, f"Expected name/email in {keys}"
E   AssertionError: Expected name/email in ['test_field']
E   assert ('name' in ['test_field'] or 'email' in ['test_field'])</failure></testcase><testcase classname="backend.tests.test_website_settings_iter42.TestFormSchemaDefaults" name="test_scope_form_schema_has_timeline_select" time="0.113" /><testcase classname="backend.tests.test_website_settings_iter42.TestFormSchemaDefaults" name="test_signup_form_schema_has_locked_fields" time="0.117" /><testcase classname="backend.tests.test_website_settings_iter42.TestCleanup" name="test_restore_hero_and_schema_defaults" time="0.158" /></testsuite></testsuites>