<?xml version="1.0" encoding="utf-8"?><testsuites name="pytest tests"><testsuite name="pytest" errors="0" failures="0" skipped="0" tests="27" time="43.514" timestamp="2026-02-21T02:38:55.168800+00:00" hostname="agent-env-3e96afbb-0e10-4663-9986-67ba52f05e4f"><testcase classname="backend.tests.test_admin_enhanced_features.TestAdminOrdersGetWithFilters" name="test_orders_returns_expected_fields" time="0.645" /><testcase classname="backend.tests.test_admin_enhanced_features.TestAdminOrdersGetWithFilters" name="test_orders_sort_desc" time="0.118" /><testcase classname="backend.tests.test_admin_enhanced_features.TestAdminOrdersGetWithFilters" name="test_orders_sort_asc" time="0.139" /><testcase classname="backend.tests.test_admin_enhanced_features.TestAdminOrdersGetWithFilters" name="test_orders_sort_asc_vs_desc_differ" time="0.280" /><testcase classname="backend.tests.test_admin_enhanced_features.TestAdminOrdersGetWithFilters" name="test_orders_order_number_filter" time="0.159" /><testcase classname="backend.tests.test_admin_enhanced_features.TestAdminOrdersGetWithFilters" name="test_orders_status_filter_unpaid" time="0.131" /><testcase classname="backend.tests.test_admin_enhanced_features.TestAdminOrdersGetWithFilters" name="test_orders_status_filter_paid" time="0.126" /><testcase classname="backend.tests.test_admin_enhanced_features.TestAdminOrdersGetWithFilters" name="test_orders_product_filter" time="0.130" /><testcase classname="backend.tests.test_admin_enhanced_features.TestAdminOrdersGetWithFilters" name="test_orders_include_payment_date_field" time="0.129" /><testcase classname="backend.tests.test_admin_enhanced_features.TestAdminOrdersGetWithFilters" name="test_orders_pagination" time="0.315" /><testcase classname="backend.tests.test_admin_enhanced_features.TestAdminOrderUpdate" name="test_update_order_status" time="0.532" /><testcase classname="backend.tests.test_admin_enhanced_features.TestAdminOrderUpdate" name="test_update_order_payment_date" time="0.229" /><testcase classname="backend.tests.test_admin_enhanced_features.TestAdminOrderUpdate" name="test_update_order_payment_method" time="0.255" /><testcase classname="backend.tests.test_admin_enhanced_features.TestAdminOrderUpdate" name="test_add_note_via_new_note" time="0.234" /><testcase classname="backend.tests.test_admin_enhanced_features.TestAdminOrderUpdate" name="test_invalid_status_rejected" time="0.232" /><testcase classname="backend.tests.test_admin_enhanced_features.TestAdminOrderUpdate" name="test_completed_status_accepted" time="0.280" /><testcase classname="backend.tests.test_admin_enhanced_features.TestAdminOrderUpdate" name="test_disputed_status_accepted" time="0.264" /><testcase classname="backend.tests.test_admin_enhanced_features.TestOrderAuditLogs" name="test_get_order_logs_returns_200" time="0.411" /><testcase classname="backend.tests.test_admin_enhanced_features.TestOrderAuditLogs" name="test_order_logs_have_expected_fields" time="0.360" /><testcase classname="backend.tests.test_admin_enhanced_features.TestOrderAuditLogs" name="test_note_added_creates_log_entry" time="36.359" /><testcase classname="backend.tests.test_admin_enhanced_features.TestAdminSubscriptionCancel" name="test_cancel_subscription_full_flow" time="0.603" /><testcase classname="backend.tests.test_admin_enhanced_features.TestAdminSubscriptionCancel" name="test_cancel_nonexistent_subscription_returns_404" time="0.129" /><testcase classname="backend.tests.test_admin_enhanced_features.TestSubscriptionAuditLogs" name="test_get_subscription_logs" time="0.276" /><testcase classname="backend.tests.test_admin_enhanced_features.TestAdminSubscriptionEdit" name="test_edit_subscription_plan_name" time="0.364" /><testcase classname="backend.tests.test_admin_enhanced_features.TestAdminSubscriptionEdit" name="test_edit_subscription_payment_method" time="0.367" /><testcase classname="backend.tests.test_admin_enhanced_features.TestAdminSubscriptionEdit" name="test_edit_subscription_status" time="0.241" /><testcase classname="backend.tests.test_admin_enhanced_features.TestSubscriptionCreatedDate" name="test_subscriptions_have_created_at" time="0.112" /></testsuite></testsuites>