<?xml version="1.0" encoding="utf-8"?><testsuites name="pytest tests"><testsuite name="pytest" errors="0" failures="3" skipped="3" tests="22" time="4.917" timestamp="2026-02-28T15:47:11.374850+00:00" hostname="agent-env-54136419-0d5b-43a0-bc20-058802a57f37"><testcase classname="backend.tests.test_iter150_new_features.TestPartnerBillingEmailTemplates" name="test_email_templates_includes_partner_billing_templates" time="0.591" /><testcase classname="backend.tests.test_iter150_new_features.TestPartnerBillingEmailTemplates" name="test_partner_subscription_created_template_has_partner_code" time="0.076" /><testcase classname="backend.tests.test_iter150_new_features.TestPartnerBillingEmailTemplates" name="test_partner_order_created_template_structure" time="0.066" /><testcase classname="backend.tests.test_iter150_new_features.TestPartnerBillingEmailTemplates" name="test_subscription_terminated_template_variables" time="0.061" /><testcase classname="backend.tests.test_iter150_new_features.TestPartnerBillingView" name="test_my_subscriptions_returns_200" time="0.381" /><testcase classname="backend.tests.test_iter150_new_features.TestPartnerBillingView" name="test_my_orders_returns_200" time="0.062" /><testcase classname="backend.tests.test_iter150_new_features.TestPartnerBillingView" name="test_platform_admin_blocked_from_my_subscriptions" time="0.052" /><testcase classname="backend.tests.test_iter150_new_features.TestPartnerBillingView" name="test_platform_admin_blocked_from_my_orders" time="0.057" /><testcase classname="backend.tests.test_iter150_new_features.TestPartnerBillingView" name="test_my_subscriptions_pagination" time="0.059" /><testcase classname="backend.tests.test_iter150_new_features.TestPartnerBillingView" name="test_my_orders_pagination" time="0.065" /><testcase classname="backend.tests.test_iter150_new_features.TestPartnerSubscriptionTerm" name="test_create_partner_subscription_with_term_months" time="0.125" /><testcase classname="backend.tests.test_iter150_new_features.TestPartnerSubscriptionTerm" name="test_cancel_partner_subscription_with_active_term_returns_400" time="0.051" /><testcase classname="backend.tests.test_iter150_new_features.TestPartnerSubscriptionTerm" name="test_clear_term_then_cancel_succeeds" time="0.117" /><testcase classname="backend.tests.test_iter150_new_features.TestCustomerSubscriptionTerm" name="test_create_manual_subscription_with_term_months_6" time="0.112"><failure message="assert 405 == 200&#10; +  where 405 = &lt;Response [405]&gt;.status_code">backend/tests/test_iter150_new_features.py:317: in test_create_manual_subscription_with_term_months_6
    assert r_prod.status_code == 200
E   assert 405 == 200
E    +  where 405 = &lt;Response [405]&gt;.status_code</failure></testcase><testcase classname="backend.tests.test_iter150_new_features.TestCustomerSubscriptionTerm" name="test_cancel_customer_subscription_with_active_term_returns_400" time="0.000"><skipped type="pytest.skip" message="Previous test did not create a subscription">/app/backend/tests/test_iter150_new_features.py:380: Previous test did not create a subscription</skipped></testcase><testcase classname="backend.tests.test_iter150_new_features.TestLicenseEnforcement" name="test_orders_blocked_when_limit_zero" time="0.191"><skipped type="pytest.skip" message="No products for bright-accounting">/app/backend/tests/test_iter150_new_features.py:416: No products for bright-accounting</skipped></testcase><testcase classname="backend.tests.test_iter150_new_features.TestLicenseEnforcement" name="test_subscriptions_blocked_when_limit_zero" time="0.160"><skipped type="pytest.skip" message="No subscription products for bright-accounting">/app/backend/tests/test_iter150_new_features.py:455: No subscription products for bright-accounting</skipped></testcase><testcase classname="backend.tests.test_iter150_new_features.TestProductDefaultTermMonths" name="test_create_subscription_product_with_default_term_months" time="0.064" /><testcase classname="backend.tests.test_iter150_new_features.TestProductDefaultTermMonths" name="test_get_product_has_default_term_months" time="0.050"><failure message="AssertionError: Expected 200, got 405: {&quot;detail&quot;:&quot;Method Not Allowed&quot;}&#10;assert 405 == 200&#10; +  where 405 = &lt;Response [405]&gt;.status_code">backend/tests/test_iter150_new_features.py:529: in test_get_product_has_default_term_months
    assert r.status_code == 200, f"Expected 200, got {r.status_code}: {r.text}"
E   AssertionError: Expected 200, got 405: {"detail":"Method Not Allowed"}
E   assert 405 == 200
E    +  where 405 = &lt;Response [405]&gt;.status_code</failure></testcase><testcase classname="backend.tests.test_iter150_new_features.TestProductDefaultTermMonths" name="test_cleanup_test_product" time="0.059"><failure message="AssertionError: Unexpected delete response: 405&#10;assert 405 in (200, 204, 404)&#10; +  where 405 = &lt;Response [405]&gt;.status_code">backend/tests/test_iter150_new_features.py:542: in test_cleanup_test_product
    assert r.status_code in (200, 204, 404), f"Unexpected delete response: {r.status_code}"
E   AssertionError: Unexpected delete response: 405
E   assert 405 in (200, 204, 404)
E    +  where 405 = &lt;Response [405]&gt;.status_code</failure></testcase><testcase classname="backend.tests.test_iter150_new_features.TestPartnerBillingEmailSend" name="test_partner_order_creation_sends_email" time="1.191" /><testcase classname="backend.tests.test_iter150_new_features.TestPartnerBillingEmailSend" name="test_partner_subscription_creation_sends_email" time="1.189" /></testsuite></testsuites>