<?xml version="1.0" encoding="utf-8"?><testsuites name="pytest tests"><testsuite name="pytest" errors="0" failures="15" skipped="34" tests="110" time="15.142" timestamp="2026-02-22T00:18:15.202847+00:00" hostname="agent-env-29916a4a-c5dd-403f-adc7-57b64cce337e"><testcase classname="tests.test_comprehensive_e2e.TestAuth" name="test_root_returns_200" time="0.233" /><testcase classname="tests.test_comprehensive_e2e.TestAuth" name="test_admin_login_success" time="0.448"><failure message="KeyError: 'user'">tests/test_comprehensive_e2e.py:181: in test_admin_login_success
    assert data["user"]["role"] in ["admin", "super_admin"]
           ^^^^^^^^^^^^
E   KeyError: 'user'</failure></testcase><testcase classname="tests.test_comprehensive_e2e.TestAuth" name="test_login_invalid_credentials" time="0.328" /><testcase classname="tests.test_comprehensive_e2e.TestAuth" name="test_me_returns_profile" time="0.540"><failure message="AssertionError: assert 'email' in {'address': {'city': 'Test City', 'country': 'GB', 'customer_id': '0be90bfa-57e4-4c94-b5c5-88b59601c260', 'id': 'bed71923-eb69-42cc-9bdc-2d51d5b8ac82', ...}, 'customer': {'allow_bank_transfer': True, 'allow_card_payment': True, 'company_name': 'Automate Accounts', 'created_at': '2026-02-20T02:59:54.026607+00:00', ...}, 'user': {'company_name': 'Automate Accounts', 'email': 'admin@automateaccounts.local', 'full_name': 'Test User Updated', 'id': 'ef402b8d-5400-4fd7-b972-3ae32c3d6f75', ...}}">tests/test_comprehensive_e2e.py:191: in test_me_returns_profile
    assert "email" in data
E   AssertionError: assert 'email' in {'address': {'city': 'Test City', 'country': 'GB', 'customer_id': '0be90bfa-57e4-4c94-b5c5-88b59601c260', 'id': 'bed71923-eb69-42cc-9bdc-2d51d5b8ac82', ...}, 'customer': {'allow_bank_transfer': True, 'allow_card_payment': True, 'company_name': 'Automate Accounts', 'created_at': '2026-02-20T02:59:54.026607+00:00', ...}, 'user': {'company_name': 'Automate Accounts', 'email': 'admin@automateaccounts.local', 'full_name': 'Test User Updated', 'id': 'ef402b8d-5400-4fd7-b972-3ae32c3d6f75', ...}}</failure></testcase><testcase classname="tests.test_comprehensive_e2e.TestAuth" name="test_me_unauthorized" time="0.140" /><testcase classname="tests.test_comprehensive_e2e.TestAuth" name="test_admin_accesses_admin_endpoint" time="0.135" /><testcase classname="tests.test_comprehensive_e2e.TestStore" name="test_categories_list" time="0.150" /><testcase classname="tests.test_comprehensive_e2e.TestStore" name="test_products_list" time="0.121" /><testcase classname="tests.test_comprehensive_e2e.TestStore" name="test_product_detail" time="0.262" /><testcase classname="tests.test_comprehensive_e2e.TestStore" name="test_product_not_found" time="0.111" /><testcase classname="tests.test_comprehensive_e2e.TestStore" name="test_terms_list" time="0.103" /><testcase classname="tests.test_comprehensive_e2e.TestStore" name="test_promo_code_validate_valid" time="0.110"><skipped type="pytest.skip" message="Customer token unavailable">/app/backend/tests/test_comprehensive_e2e.py:242: Customer token unavailable</skipped></testcase><testcase classname="tests.test_comprehensive_e2e.TestStore" name="test_promo_code_validate_invalid" time="0.000"><skipped type="pytest.skip" message="Customer token unavailable">/app/backend/tests/test_comprehensive_e2e.py:250: Customer token unavailable</skipped></testcase><testcase classname="tests.test_comprehensive_e2e.TestArticlesPublic" name="test_public_articles_list" time="0.000"><skipped type="pytest.skip" message="Customer token unavailable">/app/backend/tests/test_comprehensive_e2e.py:262: Customer token unavailable</skipped></testcase><testcase classname="tests.test_comprehensive_e2e.TestArticlesPublic" name="test_validate_scope_final_article" time="0.000"><skipped type="pytest.skip" message="Customer token unavailable">/app/backend/tests/test_comprehensive_e2e.py:268: Customer token unavailable</skipped></testcase><testcase classname="tests.test_comprehensive_e2e.TestArticlesPublic" name="test_validate_scope_invalid_id" time="0.000"><skipped type="pytest.skip" message="Customer token unavailable">/app/backend/tests/test_comprehensive_e2e.py:281: Customer token unavailable</skipped></testcase><testcase classname="tests.test_comprehensive_e2e.TestArticlesPublic" name="test_article_detail" time="0.000"><skipped type="pytest.skip" message="Customer token unavailable">/app/backend/tests/test_comprehensive_e2e.py:285: Customer token unavailable</skipped></testcase><testcase classname="tests.test_comprehensive_e2e.TestProfile" name="test_profile_update_name" time="0.000"><skipped type="pytest.skip" message="Customer token unavailable">/app/backend/tests/test_comprehensive_e2e.py:300: Customer token unavailable</skipped></testcase><testcase classname="tests.test_comprehensive_e2e.TestProfile" name="test_profile_persists" time="0.000"><skipped type="pytest.skip" message="Customer token unavailable">/app/backend/tests/test_comprehensive_e2e.py:306: Customer token unavailable</skipped></testcase><testcase classname="tests.test_comprehensive_e2e.TestAdminCustomers" name="test_customers_list" time="0.125" /><testcase classname="tests.test_comprehensive_e2e.TestAdminCustomers" name="test_customers_pagination" time="0.129" /><testcase classname="tests.test_comprehensive_e2e.TestAdminCustomers" name="test_customers_search_filter" time="0.113"><failure message="assert False&#10; +  where False = any(&lt;generator object TestAdminCustomers.test_customers_search_filter.&lt;locals&gt;.&lt;genexpr&gt; at 0xff2e4fc145e0&gt;)">tests/test_comprehensive_e2e.py:340: in test_customers_search_filter
    assert any("TEST_seed" in c.get("full_name", "") or "TEST_seed" in c.get("email", "") for c in customers)
E   assert False
E    +  where False = any(&lt;generator object TestAdminCustomers.test_customers_search_filter.&lt;locals&gt;.&lt;genexpr&gt; at 0xff2e4fc145e0&gt;)</failure></testcase><testcase classname="tests.test_comprehensive_e2e.TestAdminCustomers" name="test_create_customer" time="0.113"><failure message="assert 422 in [200, 201]&#10; +  where 422 = &lt;Response [422]&gt;.status_code">tests/test_comprehensive_e2e.py:348: in test_create_customer
    assert r.status_code in [200, 201]
E   assert 422 in [200, 201]
E    +  where 422 = &lt;Response [422]&gt;.status_code</failure></testcase><testcase classname="tests.test_comprehensive_e2e.TestAdminCustomers" name="test_create_customer_duplicate_email" time="0.245"><failure message="assert 422 == 400&#10; +  where 422 = &lt;Response [422]&gt;.status_code">tests/test_comprehensive_e2e.py:360: in test_create_customer_duplicate_email
    assert r2.status_code == 400
E   assert 422 == 400
E    +  where 422 = &lt;Response [422]&gt;.status_code</failure></testcase><testcase classname="tests.test_comprehensive_e2e.TestAdminCustomers" name="test_update_customer" time="1.453"><skipped type="pytest.skip" message="No seed customer">/app/backend/tests/test_comprehensive_e2e.py:366: No seed customer</skipped></testcase><testcase classname="tests.test_comprehensive_e2e.TestAdminCustomers" name="test_customer_payment_methods_toggle" time="0.000"><skipped type="pytest.skip" message="No seed customer">/app/backend/tests/test_comprehensive_e2e.py:376: No seed customer</skipped></testcase><testcase classname="tests.test_comprehensive_e2e.TestAdminCustomers" name="test_customer_activate_deactivate" time="0.000"><skipped type="pytest.skip" message="No seed customer">/app/backend/tests/test_comprehensive_e2e.py:386: No seed customer</skipped></testcase><testcase classname="tests.test_comprehensive_e2e.TestAdminCustomers" name="test_customer_notes_merge" time="0.000"><skipped type="pytest.skip" message="No seed customer">/app/backend/tests/test_comprehensive_e2e.py:398: No seed customer</skipped></testcase><testcase classname="tests.test_comprehensive_e2e.TestAdminOrders" name="test_orders_list" time="0.106" /><testcase classname="tests.test_comprehensive_e2e.TestAdminOrders" name="test_orders_pagination" time="0.124" /><testcase classname="tests.test_comprehensive_e2e.TestAdminOrders" name="test_orders_status_filter" time="0.108" /><testcase classname="tests.test_comprehensive_e2e.TestAdminOrders" name="test_create_manual_order" time="0.115"><failure message="assert 422 in [200, 201]&#10; +  where 422 = &lt;Response [422]&gt;.status_code">tests/test_comprehensive_e2e.py:454: in test_create_manual_order
    assert r.status_code in [200, 201]
E   assert 422 in [200, 201]
E    +  where 422 = &lt;Response [422]&gt;.status_code</failure></testcase><testcase classname="tests.test_comprehensive_e2e.TestAdminOrders" name="test_update_order_status" time="0.000"><skipped type="pytest.skip" message="No seed order">/app/backend/tests/test_comprehensive_e2e.py:462: No seed order</skipped></testcase><testcase classname="tests.test_comprehensive_e2e.TestAdminOrders" name="test_update_order_invalid_status" time="0.000"><skipped type="pytest.skip" message="No seed order">/app/backend/tests/test_comprehensive_e2e.py:473: No seed order</skipped></testcase><testcase classname="tests.test_comprehensive_e2e.TestAdminOrders" name="test_order_logs" time="0.000"><skipped type="pytest.skip" message="No seed order">/app/backend/tests/test_comprehensive_e2e.py:483: No seed order</skipped></testcase><testcase classname="tests.test_comprehensive_e2e.TestAdminOrders" name="test_delete_order_soft" time="0.121"><skipped type="pytest.skip" message="Could not create order to delete">/app/backend/tests/test_comprehensive_e2e.py:495: Could not create order to delete</skipped></testcase><testcase classname="tests.test_comprehensive_e2e.TestAdminOrders" name="test_order_note_appended" time="0.000"><skipped type="pytest.skip" message="No seed order">/app/backend/tests/test_comprehensive_e2e.py:505: No seed order</skipped></testcase><testcase classname="tests.test_comprehensive_e2e.TestAdminSubscriptions" name="test_subscriptions_list" time="0.132" /><testcase classname="tests.test_comprehensive_e2e.TestAdminSubscriptions" name="test_subscriptions_status_filter" time="0.117" /><testcase classname="tests.test_comprehensive_e2e.TestAdminSubscriptions" name="test_subscription_invalid_status" time="0.000"><skipped type="pytest.skip" message="No seed subscription">/app/backend/tests/test_comprehensive_e2e.py:535: No seed subscription</skipped></testcase><testcase classname="tests.test_comprehensive_e2e.TestAdminSubscriptions" name="test_subscription_logs" time="0.000"><skipped type="pytest.skip" message="No seed subscription">/app/backend/tests/test_comprehensive_e2e.py:545: No seed subscription</skipped></testcase><testcase classname="tests.test_comprehensive_e2e.TestAdminSubscriptions" name="test_cancel_subscription" time="0.158"><skipped type="pytest.skip" message="Could not create subscription">/app/backend/tests/test_comprehensive_e2e.py:559: Could not create subscription</skipped></testcase><testcase classname="tests.test_comprehensive_e2e.TestAdminArticles" name="test_articles_list" time="0.111" /><testcase classname="tests.test_comprehensive_e2e.TestAdminArticles" name="test_create_article" time="0.136" /><testcase classname="tests.test_comprehensive_e2e.TestAdminArticles" name="test_create_scope_final_article_with_price" time="0.104" /><testcase classname="tests.test_comprehensive_e2e.TestAdminArticles" name="test_update_article" time="0.000"><skipped type="pytest.skip" message="No seed article">/app/backend/tests/test_comprehensive_e2e.py:597: No seed article</skipped></testcase><testcase classname="tests.test_comprehensive_e2e.TestAdminArticles" name="test_article_logs" time="0.000"><skipped type="pytest.skip" message="No seed article">/app/backend/tests/test_comprehensive_e2e.py:607: No seed article</skipped></testcase><testcase classname="tests.test_comprehensive_e2e.TestAdminArticles" name="test_delete_article" time="0.239"><failure message="assert 404 == 200&#10; +  where 404 = &lt;Response [404]&gt;.status_code">tests/test_comprehensive_e2e.py:621: in test_delete_article
    assert del_r.status_code == 200
E   assert 404 == 200
E    +  where 404 = &lt;Response [404]&gt;.status_code</failure></testcase><testcase classname="tests.test_comprehensive_e2e.TestAdminCategories" name="test_categories_list" time="0.101" /><testcase classname="tests.test_comprehensive_e2e.TestAdminCategories" name="test_create_category" time="0.115" /><testcase classname="tests.test_comprehensive_e2e.TestAdminCategories" name="test_update_category" time="0.000"><skipped type="pytest.skip" message="No seed category">/app/backend/tests/test_comprehensive_e2e.py:645: No seed category</skipped></testcase><testcase classname="tests.test_comprehensive_e2e.TestAdminCategories" name="test_delete_empty_category" time="0.131"><skipped type="pytest.skip" message="No category id returned">/app/backend/tests/test_comprehensive_e2e.py:660: No category id returned</skipped></testcase><testcase classname="tests.test_comprehensive_e2e.TestAdminCategories" name="test_delete_category_with_products_fails" time="0.000"><skipped type="pytest.skip" message="No seed category">/app/backend/tests/test_comprehensive_e2e.py:669: No seed category</skipped></testcase><testcase classname="tests.test_comprehensive_e2e.TestAdminCatalog" name="test_products_all_list" time="0.114" /><testcase classname="tests.test_comprehensive_e2e.TestAdminCatalog" name="test_create_product" time="0.116" /><testcase classname="tests.test_comprehensive_e2e.TestAdminCatalog" name="test_update_product" time="0.137" /><testcase classname="tests.test_comprehensive_e2e.TestAdminCatalog" name="test_products_filter_by_category" time="0.101" /><testcase classname="tests.test_comprehensive_e2e.TestAdminTerms" name="test_terms_list" time="0.132" /><testcase classname="tests.test_comprehensive_e2e.TestAdminTerms" name="test_create_terms" time="0.103" /><testcase classname="tests.test_comprehensive_e2e.TestAdminTerms" name="test_delete_default_terms_fails" time="0.299" /><testcase classname="tests.test_comprehensive_e2e.TestAdminTerms" name="test_delete_non_default_terms" time="0.104" /><testcase classname="tests.test_comprehensive_e2e.TestAdminOverrideCodes" name="test_override_codes_list" time="0.178"><failure message="AssertionError: assert 'codes' in {'override_codes': [{'code': 'TEST08860421', 'created_at': '2026-02-21T23:37:55.574181+00:00', 'created_by': 'ef402b8d-5400-4fd7-b972-3ae32c3d6f75', 'customer_email': 'admin@automateaccounts.local', ...}, {'code': 'TESTB1CF6253', 'created_at': '2026-02-21T23:37:55.216214+00:00', 'created_by': 'ef402b8d-5400-4fd7-b972-3ae32c3d6f75', 'customer_email': 'admin@automateaccounts.local', ...}, {'code': 'TEST0B71D06B', 'created_at': '2026-02-21T23:37:54.983549+00:00', 'created_by': 'ef402b8d-5400-4fd7-b972-3ae32c3d6f75', 'customer_email': 'admin@automateaccounts.local', ...}, {'code': 'TEST35C730C2', 'created_at': '2026-02-21T23:36:39.053026+00:00', 'created_by': 'ef402b8d-5400-4fd7-b972-3ae32c3d6f75', 'customer_email': 'admin@automateaccounts.local', ...}, {'code': 'TEST6691A7DE', 'created_at': '2026-02-21T23:36:38.738584+00:00', 'created_by': 'ef402b8d-5400-4fd7-b972-3ae32c3d6f75', 'customer_email': 'admin@automateaccounts.local', ...}, {'code': 'TEST04CA5F9D', 'created_at': '2026-02-21T23:36:38.468351+00:00', 'created_by': 'ef402b8d-5400-4fd7-b972-3ae32c3d6f75', 'customer_email': 'admin@automateaccounts.local', ...}, ...], 'page': 1, 'per_page': 20, 'total': 15, ...}&#10; +  where {'override_codes': [{'code': 'TEST08860421', 'created_at': '2026-02-21T23:37:55.574181+00:00', 'created_by': 'ef402b8d-5400-4fd7-b972-3ae32c3d6f75', 'customer_email': 'admin@automateaccounts.local', ...}, {'code': 'TESTB1CF6253', 'created_at': '2026-02-21T23:37:55.216214+00:00', 'created_by': 'ef402b8d-5400-4fd7-b972-3ae32c3d6f75', 'customer_email': 'admin@automateaccounts.local', ...}, {'code': 'TEST0B71D06B', 'created_at': '2026-02-21T23:37:54.983549+00:00', 'created_by': 'ef402b8d-5400-4fd7-b972-3ae32c3d6f75', 'customer_email': 'admin@automateaccounts.local', ...}, {'code': 'TEST35C730C2', 'created_at': '2026-02-21T23:36:39.053026+00:00', 'created_by': 'ef402b8d-5400-4fd7-b972-3ae32c3d6f75', 'customer_email': 'admin@automateaccounts.local', ...}, {'code': 'TEST6691A7DE', 'created_at': '2026-02-21T23:36:38.738584+00:00', 'created_by': 'ef402b8d-5400-4fd7-b972-3ae32c3d6f75', 'customer_email': 'admin@automateaccounts.local', ...}, {'code': 'TEST04CA5F9D', 'created_at': '2026-02-21T23:36:38.468351+00:00', 'created_by': 'ef402b8d-5400-4fd7-b972-3ae32c3d6f75', 'customer_email': 'admin@automateaccounts.local', ...}, ...], 'page': 1, 'per_page': 20, 'total': 15, ...} = json()&#10; +    where json = &lt;Response [200]&gt;.json">tests/test_comprehensive_e2e.py:755: in test_override_codes_list
    assert "codes" in r.json()
E   AssertionError: assert 'codes' in {'override_codes': [{'code': 'TEST08860421', 'created_at': '2026-02-21T23:37:55.574181+00:00', 'created_by': 'ef402b8d-5400-4fd7-b972-3ae32c3d6f75', 'customer_email': 'admin@automateaccounts.local', ...}, {'code': 'TESTB1CF6253', 'created_at': '2026-02-21T23:37:55.216214+00:00', 'created_by': 'ef402b8d-5400-4fd7-b972-3ae32c3d6f75', 'customer_email': 'admin@automateaccounts.local', ...}, {'code': 'TEST0B71D06B', 'created_at': '2026-02-21T23:37:54.983549+00:00', 'created_by': 'ef402b8d-5400-4fd7-b972-3ae32c3d6f75', 'customer_email': 'admin@automateaccounts.local', ...}, {'code': 'TEST35C730C2', 'created_at': '2026-02-21T23:36:39.053026+00:00', 'created_by': 'ef402b8d-5400-4fd7-b972-3ae32c3d6f75', 'customer_email': 'admin@automateaccounts.local', ...}, {'code': 'TEST6691A7DE', 'created_at': '2026-02-21T23:36:38.738584+00:00', 'created_by': 'ef402b8d-5400-4fd7-b972-3ae32c3d6f75', 'customer_email': 'admin@automateaccounts.local', ...}, {'code': 'TEST04CA5F9D', 'created_at': '2026-02-21T23:36:38.468351+00:00', 'created_by': 'ef402b8d-5400-4fd7-b972-3ae32c3d6f75', 'customer_email': 'admin@automateaccounts.local', ...}, ...], 'page': 1, 'per_page': 20, 'total': 15, ...}
E    +  where {'override_codes': [{'code': 'TEST08860421', 'created_at': '2026-02-21T23:37:55.574181+00:00', 'created_by': 'ef402b8d-5400-4fd7-b972-3ae32c3d6f75', 'customer_email': 'admin@automateaccounts.local', ...}, {'code': 'TESTB1CF6253', 'created_at': '2026-02-21T23:37:55.216214+00:00', 'created_by': 'ef402b8d-5400-4fd7-b972-3ae32c3d6f75', 'customer_email': 'admin@automateaccounts.local', ...}, {'code': 'TEST0B71D06B', 'created_at': '2026-02-21T23:37:54.983549+00:00', 'created_by': 'ef402b8d-5400-4fd7-b972-3ae32c3d6f75', 'customer_email': 'admin@automateaccounts.local', ...}, {'code': 'TEST35C730C2', 'created_at': '2026-02-21T23:36:39.053026+00:00', 'created_by': 'ef402b8d-5400-4fd7-b972-3ae32c3d6f75', 'customer_email': 'admin@automateaccounts.local', ...}, {'code': 'TEST6691A7DE', 'created_at': '2026-02-21T23:36:38.738584+00:00', 'created_by': 'ef402b8d-5400-4fd7-b972-3ae32c3d6f75', 'customer_email': 'admin@automateaccounts.local', ...}, {'code': 'TEST04CA5F9D', 'created_at': '2026-02-21T23:36:38.468351+00:00', 'created_by': 'ef402b8d-5400-4fd7-b972-3ae32c3d6f75', 'customer_email': 'admin@automateaccounts.local', ...}, ...], 'page': 1, 'per_page': 20, 'total': 15, ...} = json()
E    +    where json = &lt;Response [200]&gt;.json</failure></testcase><testcase classname="tests.test_comprehensive_e2e.TestAdminOverrideCodes" name="test_create_override_code" time="0.123"><failure message="assert 422 == 200&#10; +  where 422 = &lt;Response [422]&gt;.status_code">tests/test_comprehensive_e2e.py:765: in test_create_override_code
    assert r.status_code == 200
E   assert 422 == 200
E    +  where 422 = &lt;Response [422]&gt;.status_code</failure></testcase><testcase classname="tests.test_comprehensive_e2e.TestAdminOverrideCodes" name="test_duplicate_override_code_fails" time="0.209"><failure message="assert 422 == 400&#10; +  where 422 = &lt;Response [422]&gt;.status_code">tests/test_comprehensive_e2e.py:778: in test_duplicate_override_code_fails
    assert r2.status_code == 400
E   assert 422 == 400
E    +  where 422 = &lt;Response [422]&gt;.status_code</failure></testcase><testcase classname="tests.test_comprehensive_e2e.TestAdminOverrideCodes" name="test_update_override_code" time="0.000"><skipped type="pytest.skip" message="No seed override code">/app/backend/tests/test_comprehensive_e2e.py:784: No seed override code</skipped></testcase><testcase classname="tests.test_comprehensive_e2e.TestAdminOverrideCodes" name="test_deactivate_override_code" time="0.000"><skipped type="pytest.skip" message="No seed override code">/app/backend/tests/test_comprehensive_e2e.py:794: No seed override code</skipped></testcase><testcase classname="tests.test_comprehensive_e2e.TestAdminPromoCodes" name="test_promo_codes_list" time="0.099"><failure message="AssertionError: assert 'codes' in {'page': 1, 'per_page': 20, 'promo_codes': [{'applies_to': 'both', 'applies_to_products': 'all', 'code': 'ZOHOR', 'created_at': '2026-02-22T00:18:19.446695+00:00', ...}, {'applies_to': 'both', 'applies_to_products': 'all', 'code': 'TESTZOHOR', 'created_at': '2026-02-22T00:18:19.325271+00:00', ...}, {'applies_to': 'all', 'applies_to_products': 'all', 'code': 'TESTFIX123', 'created_at': '2026-02-22T00:04:45.454997+00:00', ...}, {'applies_to': 'both', 'applies_to_products': 'all', 'code': 'TEST3A15F6', 'created_at': '2026-02-21T23:37:57.585592+00:00', ...}, {'applies_to': 'both', 'applies_to_products': 'all', 'code': 'TESTA532CC', 'created_at': '2026-02-21T23:36:40.999473+00:00', ...}, {'applicable_checkout_types': ['one_time', 'subscription'], 'code': 'ZOHOR-TEST', 'created_at': '2026-02-21T16:06:48.832204+00:00', 'description': 'Test ZOHOR promo code', ...}, ...], 'total': 12, ...}&#10; +  where {'page': 1, 'per_page': 20, 'promo_codes': [{'applies_to': 'both', 'applies_to_products': 'all', 'code': 'ZOHOR', 'created_at': '2026-02-22T00:18:19.446695+00:00', ...}, {'applies_to': 'both', 'applies_to_products': 'all', 'code': 'TESTZOHOR', 'created_at': '2026-02-22T00:18:19.325271+00:00', ...}, {'applies_to': 'all', 'applies_to_products': 'all', 'code': 'TESTFIX123', 'created_at': '2026-02-22T00:04:45.454997+00:00', ...}, {'applies_to': 'both', 'applies_to_products': 'all', 'code': 'TEST3A15F6', 'created_at': '2026-02-21T23:37:57.585592+00:00', ...}, {'applies_to': 'both', 'applies_to_products': 'all', 'code': 'TESTA532CC', 'created_at': '2026-02-21T23:36:40.999473+00:00', ...}, {'applicable_checkout_types': ['one_time', 'subscription'], 'code': 'ZOHOR-TEST', 'created_at': '2026-02-21T16:06:48.832204+00:00', 'description': 'Test ZOHOR promo code', ...}, ...], 'total': 12, ...} = json()&#10; +    where json = &lt;Response [200]&gt;.json">tests/test_comprehensive_e2e.py:807: in test_promo_codes_list
    assert "codes" in r.json()
E   AssertionError: assert 'codes' in {'page': 1, 'per_page': 20, 'promo_codes': [{'applies_to': 'both', 'applies_to_products': 'all', 'code': 'ZOHOR', 'created_at': '2026-02-22T00:18:19.446695+00:00', ...}, {'applies_to': 'both', 'applies_to_products': 'all', 'code': 'TESTZOHOR', 'created_at': '2026-02-22T00:18:19.325271+00:00', ...}, {'applies_to': 'all', 'applies_to_products': 'all', 'code': 'TESTFIX123', 'created_at': '2026-02-22T00:04:45.454997+00:00', ...}, {'applies_to': 'both', 'applies_to_products': 'all', 'code': 'TEST3A15F6', 'created_at': '2026-02-21T23:37:57.585592+00:00', ...}, {'applies_to': 'both', 'applies_to_products': 'all', 'code': 'TESTA532CC', 'created_at': '2026-02-21T23:36:40.999473+00:00', ...}, {'applicable_checkout_types': ['one_time', 'subscription'], 'code': 'ZOHOR-TEST', 'created_at': '2026-02-21T16:06:48.832204+00:00', 'description': 'Test ZOHOR promo code', ...}, ...], 'total': 12, ...}
E    +  where {'page': 1, 'per_page': 20, 'promo_codes': [{'applies_to': 'both', 'applies_to_products': 'all', 'code': 'ZOHOR', 'created_at': '2026-02-22T00:18:19.446695+00:00', ...}, {'applies_to': 'both', 'applies_to_products': 'all', 'code': 'TESTZOHOR', 'created_at': '2026-02-22T00:18:19.325271+00:00', ...}, {'applies_to': 'all', 'applies_to_products': 'all', 'code': 'TESTFIX123', 'created_at': '2026-02-22T00:04:45.454997+00:00', ...}, {'applies_to': 'both', 'applies_to_products': 'all', 'code': 'TEST3A15F6', 'created_at': '2026-02-21T23:37:57.585592+00:00', ...}, {'applies_to': 'both', 'applies_to_products': 'all', 'code': 'TESTA532CC', 'created_at': '2026-02-21T23:36:40.999473+00:00', ...}, {'applicable_checkout_types': ['one_time', 'subscription'], 'code': 'ZOHOR-TEST', 'created_at': '2026-02-21T16:06:48.832204+00:00', 'description': 'Test ZOHOR promo code', ...}, ...], 'total': 12, ...} = json()
E    +    where json = &lt;Response [200]&gt;.json</failure></testcase><testcase classname="tests.test_comprehensive_e2e.TestAdminPromoCodes" name="test_create_promo_code_zohor" time="0.102" /><testcase classname="tests.test_comprehensive_e2e.TestAdminPromoCodes" name="test_duplicate_promo_code_fails" time="0.244" /><testcase classname="tests.test_comprehensive_e2e.TestAdminPromoCodes" name="test_update_promo_code" time="0.109" /><testcase classname="tests.test_comprehensive_e2e.TestAdminPromoCodes" name="test_delete_promo_code" time="0.237" /><testcase classname="tests.test_comprehensive_e2e.TestAdminBankTransactions" name="test_bank_transactions_list" time="0.128" /><testcase classname="tests.test_comprehensive_e2e.TestAdminBankTransactions" name="test_create_bank_transaction" time="0.133"><failure message="assert 422 == 200&#10; +  where 422 = &lt;Response [422]&gt;.status_code">tests/test_comprehensive_e2e.py:869: in test_create_bank_transaction
    assert r.status_code == 200
E   assert 422 == 200
E    +  where 422 = &lt;Response [422]&gt;.status_code</failure></testcase><testcase classname="tests.test_comprehensive_e2e.TestAdminBankTransactions" name="test_bank_transaction_logs" time="0.000"><skipped type="pytest.skip" message="No seed bank transaction">/app/backend/tests/test_comprehensive_e2e.py:877: No seed bank transaction</skipped></testcase><testcase classname="tests.test_comprehensive_e2e.TestAdminBankTransactions" name="test_update_bank_transaction" time="0.000"><skipped type="pytest.skip" message="No seed bank transaction">/app/backend/tests/test_comprehensive_e2e.py:885: No seed bank transaction</skipped></testcase><testcase classname="tests.test_comprehensive_e2e.TestAdminBankTransactions" name="test_delete_bank_transaction" time="0.109"><skipped type="pytest.skip" message="Could not create bank transaction">/app/backend/tests/test_comprehensive_e2e.py:897: Could not create bank transaction</skipped></testcase><testcase classname="tests.test_comprehensive_e2e.TestAdminQuoteRequests" name="test_quote_requests_list" time="0.105"><failure message="AssertionError: assert 'quote_requests' in {'page': 1, 'per_page': 20, 'quotes': [{'company': None, 'created_at': '2026-02-22T00:18:20.100251+00:00', 'created_by_admin': True, 'email': '', ...}, {'company': 'UI Test Company 13', 'created_at': '2026-02-21T07:17:52.428189+00:00', 'created_by_admin': True, 'email': 'uitest_quote13@test.com', ...}, {'company': None, 'created_at': '2026-02-21T07:14:06.284900+00:00', 'created_by_admin': True, 'email': 'test_min_iter13@example.com', ...}, {'company': 'Test Company Iter13', 'created_at': '2026-02-21T07:14:05.818078+00:00', 'created_by_admin': True, 'email': 'test_iter13@example.com', ...}, {'company': 'ACME', 'created_at': '2026-02-21T07:11:56.451691+00:00', 'created_by_admin': True, 'email': 'test@example.com', ...}], 'total': 5, ...}&#10; +  where {'page': 1, 'per_page': 20, 'quotes': [{'company': None, 'created_at': '2026-02-22T00:18:20.100251+00:00', 'created_by_admin': True, 'email': '', ...}, {'company': 'UI Test Company 13', 'created_at': '2026-02-21T07:17:52.428189+00:00', 'created_by_admin': True, 'email': 'uitest_quote13@test.com', ...}, {'company': None, 'created_at': '2026-02-21T07:14:06.284900+00:00', 'created_by_admin': True, 'email': 'test_min_iter13@example.com', ...}, {'company': 'Test Company Iter13', 'created_at': '2026-02-21T07:14:05.818078+00:00', 'created_by_admin': True, 'email': 'test_iter13@example.com', ...}, {'company': 'ACME', 'created_at': '2026-02-21T07:11:56.451691+00:00', 'created_by_admin': True, 'email': 'test@example.com', ...}], 'total': 5, ...} = json()&#10; +    where json = &lt;Response [200]&gt;.json">tests/test_comprehensive_e2e.py:913: in test_quote_requests_list
    assert "quote_requests" in r.json()
E   AssertionError: assert 'quote_requests' in {'page': 1, 'per_page': 20, 'quotes': [{'company': None, 'created_at': '2026-02-22T00:18:20.100251+00:00', 'created_by_admin': True, 'email': '', ...}, {'company': 'UI Test Company 13', 'created_at': '2026-02-21T07:17:52.428189+00:00', 'created_by_admin': True, 'email': 'uitest_quote13@test.com', ...}, {'company': None, 'created_at': '2026-02-21T07:14:06.284900+00:00', 'created_by_admin': True, 'email': 'test_min_iter13@example.com', ...}, {'company': 'Test Company Iter13', 'created_at': '2026-02-21T07:14:05.818078+00:00', 'created_by_admin': True, 'email': 'test_iter13@example.com', ...}, {'company': 'ACME', 'created_at': '2026-02-21T07:11:56.451691+00:00', 'created_by_admin': True, 'email': 'test@example.com', ...}], 'total': 5, ...}
E    +  where {'page': 1, 'per_page': 20, 'quotes': [{'company': None, 'created_at': '2026-02-22T00:18:20.100251+00:00', 'created_by_admin': True, 'email': '', ...}, {'company': 'UI Test Company 13', 'created_at': '2026-02-21T07:17:52.428189+00:00', 'created_by_admin': True, 'email': 'uitest_quote13@test.com', ...}, {'company': None, 'created_at': '2026-02-21T07:14:06.284900+00:00', 'created_by_admin': True, 'email': 'test_min_iter13@example.com', ...}, {'company': 'Test Company Iter13', 'created_at': '2026-02-21T07:14:05.818078+00:00', 'created_by_admin': True, 'email': 'test_iter13@example.com', ...}, {'company': 'ACME', 'created_at': '2026-02-21T07:11:56.451691+00:00', 'created_by_admin': True, 'email': 'test@example.com', ...}], 'total': 5, ...} = json()
E    +    where json = &lt;Response [200]&gt;.json</failure></testcase><testcase classname="tests.test_comprehensive_e2e.TestAdminQuoteRequests" name="test_quote_requests_pagination" time="0.116" /><testcase classname="tests.test_comprehensive_e2e.TestAdminUsers" name="test_users_list" time="0.142" /><testcase classname="tests.test_comprehensive_e2e.TestAdminUsers" name="test_create_admin_user" time="0.355" /><testcase classname="tests.test_comprehensive_e2e.TestAdminSettings" name="test_settings_load" time="0.131" /><testcase classname="tests.test_comprehensive_e2e.TestAdminSettings" name="test_update_setting" time="0.132" /><testcase classname="tests.test_comprehensive_e2e.TestAdminSettings" name="test_structured_settings" time="0.101" /><testcase classname="tests.test_comprehensive_e2e.TestAdminLogs" name="test_logs_list" time="0.115" /><testcase classname="tests.test_comprehensive_e2e.TestAdminLogs" name="test_logs_filter_actor_type" time="0.153" /><testcase classname="tests.test_comprehensive_e2e.TestAdminLogs" name="test_logs_filter_success_false" time="0.114" /><testcase classname="tests.test_comprehensive_e2e.TestAdminLogs" name="test_logs_pagination" time="0.230" /><testcase classname="tests.test_comprehensive_e2e.TestAdminLogs" name="test_logs_login_creates_audit" time="0.097" /><testcase classname="tests.test_comprehensive_e2e.TestExports" name="test_export_orders" time="0.126" /><testcase classname="tests.test_comprehensive_e2e.TestExports" name="test_export_customers" time="0.125" /><testcase classname="tests.test_comprehensive_e2e.TestExports" name="test_export_subscriptions" time="0.109" /><testcase classname="tests.test_comprehensive_e2e.TestExports" name="test_export_catalog" time="0.134" /><testcase classname="tests.test_comprehensive_e2e.TestExports" name="test_export_bank_transactions" time="0.131" /><testcase classname="tests.test_comprehensive_e2e.TestExports" name="test_export_quote_requests" time="0.122" /><testcase classname="tests.test_comprehensive_e2e.TestExports" name="test_export_promo_codes" time="0.106" /><testcase classname="tests.test_comprehensive_e2e.TestExports" name="test_export_override_codes" time="0.112" /><testcase classname="tests.test_comprehensive_e2e.TestExports" name="test_export_terms" time="0.108" /><testcase classname="tests.test_comprehensive_e2e.TestExports" name="test_export_articles" time="0.120" /><testcase classname="tests.test_comprehensive_e2e.TestExports" name="test_export_categories" time="0.147" /><testcase classname="tests.test_comprehensive_e2e.TestGuardrailsAndErrors" name="test_401_unauthenticated" time="0.117" /><testcase classname="tests.test_comprehensive_e2e.TestGuardrailsAndErrors" name="test_403_customer_accessing_admin" time="0.000"><skipped type="pytest.skip" message="Customer token unavailable">/app/backend/tests/test_comprehensive_e2e.py:1073: Customer token unavailable</skipped></testcase><testcase classname="tests.test_comprehensive_e2e.TestGuardrailsAndErrors" name="test_404_nonexistent_resource" time="0.131"><failure message="assert 405 == 404&#10; +  where 405 = &lt;Response [405]&gt;.status_code">tests/test_comprehensive_e2e.py:1080: in test_404_nonexistent_resource
    assert r.status_code == 404
E   assert 405 == 404
E    +  where 405 = &lt;Response [405]&gt;.status_code</failure></testcase><testcase classname="tests.test_comprehensive_e2e.TestGuardrailsAndErrors" name="test_422_missing_required_fields" time="0.112" /><testcase classname="tests.test_comprehensive_e2e.TestGuardrailsAndErrors" name="test_currency_override_locks_currency" time="0.000"><skipped type="pytest.skip" message="No seed customer">/app/backend/tests/test_comprehensive_e2e.py:1095: No seed customer</skipped></testcase><testcase classname="tests.test_comprehensive_e2e.TestGuardrailsAndErrors" name="test_invalid_order_status_rejected" time="0.000"><skipped type="pytest.skip" message="No seed order">/app/backend/tests/test_comprehensive_e2e.py:1105: No seed order</skipped></testcase><testcase classname="tests.test_comprehensive_e2e.TestGuardrailsAndErrors" name="test_invalid_subscription_status_rejected" time="0.000"><skipped type="pytest.skip" message="No seed subscription">/app/backend/tests/test_comprehensive_e2e.py:1115: No seed subscription</skipped></testcase><testcase classname="tests.test_comprehensive_e2e.TestAuditLogCompleteness" name="test_audit_log_for_article_created" time="0.724" /><testcase classname="tests.test_comprehensive_e2e.TestAuditLogCompleteness" name="test_audit_log_for_customer_created" time="0.104"><failure message="assert 422 in [200, 201, 400]&#10; +  where 422 = &lt;Response [422]&gt;.status_code">tests/test_comprehensive_e2e.py:1146: in test_audit_log_for_customer_created
    assert r.status_code in [200, 201, 400]  # 400 if already exists
    ^^^^^^^^^^^^^^^^^^^^^^^^^^^^^^^^^^^^^^^
E   assert 422 in [200, 201, 400]
E    +  where 422 = &lt;Response [422]&gt;.status_code</failure></testcase><testcase classname="tests.test_comprehensive_e2e.TestAuditLogCompleteness" name="test_audit_log_for_promo_created" time="0.709" /><testcase classname="tests.test_comprehensive_e2e.TestAuditLogCompleteness" name="test_audit_entity_type_pascal_case" time="0.148" /></testsuite></testsuites>