<?xml version="1.0" encoding="utf-8"?><testsuites name="pytest tests"><testsuite name="pytest" errors="0" failures="0" skipped="0" tests="24" time="7.929" timestamp="2026-03-18T17:59:39.402661+00:00" hostname="agent-env-3f40f343-0080-40e0-a465-9eca2f22c18a"><testcase classname="backend.tests.test_iter311_partner_upgrade_flow.TestPartnerLogin" name="test_partner_login_success" time="2.531" /><testcase classname="backend.tests.test_iter311_partner_upgrade_flow.TestPartnerLogin" name="test_partner_login_wrong_password" time="0.352" /><testcase classname="backend.tests.test_iter311_partner_upgrade_flow.TestMyPlan" name="test_my_plan_returns_200" time="0.811" /><testcase classname="backend.tests.test_iter311_partner_upgrade_flow.TestMyPlan" name="test_my_plan_has_required_fields" time="0.133" /><testcase classname="backend.tests.test_iter311_partner_upgrade_flow.TestMyPlan" name="test_my_plan_available_plans_is_list" time="0.161" /><testcase classname="backend.tests.test_iter311_partner_upgrade_flow.TestMyPlan" name="test_my_plan_current_plan_structure" time="0.142" /><testcase classname="backend.tests.test_iter311_partner_upgrade_flow.TestMyPlan" name="test_my_plan_unauthorized" time="0.145" /><testcase classname="backend.tests.test_iter311_partner_upgrade_flow.TestUpgradePlanOngoing" name="test_upgrade_plan_ongoing_requires_auth" time="0.126" /><testcase classname="backend.tests.test_iter311_partner_upgrade_flow.TestUpgradePlanOngoing" name="test_upgrade_plan_ongoing_invalid_plan" time="0.203" /><testcase classname="backend.tests.test_iter311_partner_upgrade_flow.TestUpgradePlanOngoing" name="test_upgrade_plan_ongoing_with_valid_plan" time="1.046" /><testcase classname="backend.tests.test_iter311_partner_upgrade_flow.TestUpgradePlanStatus" name="test_status_requires_auth" time="0.126" /><testcase classname="backend.tests.test_iter311_partner_upgrade_flow.TestUpgradePlanStatus" name="test_status_missing_session_id" time="0.120" /><testcase classname="backend.tests.test_iter311_partner_upgrade_flow.TestUpgradePlanStatus" name="test_status_nonexistent_session" time="0.168" /><testcase classname="backend.tests.test_iter311_partner_upgrade_flow.TestCancelPendingUpgrade" name="test_cancel_when_no_pending_upgrade" time="0.110" /><testcase classname="backend.tests.test_iter311_partner_upgrade_flow.TestCancelPendingUpgrade" name="test_cancel_pending_upgrade_flow" time="1.383" /><testcase classname="backend.tests.test_iter311_partner_upgrade_flow.TestConfirmPlanUpgrade" name="test_confirm_plan_upgrade_direct" time="0.179" /><testcase classname="backend.tests.test_iter311_partner_upgrade_flow" name="test_confirm_plan_upgrade_asyncio" time="0.107" /><testcase classname="backend.tests.test_iter311_partner_upgrade_flow.TestWebhookHandlerCodeVerification" name="test_webhooks_py_has_partner_upgrade_handler" time="0.000" /><testcase classname="backend.tests.test_iter311_partner_upgrade_flow.TestWebhookHandlerCodeVerification" name="test_webhooks_py_calls_confirm_plan_upgrade_for_partner_upgrade" time="0.000" /><testcase classname="backend.tests.test_iter311_partner_upgrade_flow.TestBillingServiceImports" name="test_billing_service_imports_core_helpers" time="0.000" /><testcase classname="backend.tests.test_iter311_partner_upgrade_flow.TestBillingServiceImports" name="test_billing_service_no_core_utils_import" time="0.000" /><testcase classname="backend.tests.test_iter311_partner_upgrade_flow.TestBillingServiceImports" name="test_confirm_plan_upgrade_function_exists" time="0.000" /><testcase classname="backend.tests.test_iter311_partner_upgrade_flow.TestBillingServiceImports" name="test_cancel_pending_upgrade_uses_pending_plan_upgrades" time="0.000" /><testcase classname="backend.tests.test_iter311_partner_upgrade_flow.TestBillingServiceImports" name="test_upgrade_plan_ongoing_creates_pending_plan_upgrades" time="0.000" /></testsuite></testsuites>