<?xml version="1.0" encoding="utf-8"?><testsuites name="pytest tests"><testsuite name="pytest" errors="0" failures="0" skipped="0" tests="29" time="8.042" timestamp="2026-03-19T02:47:36.559427+00:00" hostname="agent-env-2c76a99a-97f6-40dc-89f0-fc5be6f176a7"><testcase classname="backend.tests.test_iter317_billing_modules_audit.TestCurrencyGetAccess" name="test_super_admin_can_get_currencies" time="0.625" /><testcase classname="backend.tests.test_iter317_billing_modules_audit.TestISO4217Validation" name="test_invalid_code_xyz_returns_400" time="0.137" /><testcase classname="backend.tests.test_iter317_billing_modules_audit.TestISO4217Validation" name="test_invalid_code_aaa_returns_400" time="0.114" /><testcase classname="backend.tests.test_iter317_billing_modules_audit.TestISO4217Validation" name="test_valid_code_chf_succeeds" time="0.127" /><testcase classname="backend.tests.test_iter317_billing_modules_audit.TestISO4217Validation" name="test_valid_code_sgd_succeeds" time="0.111" /><testcase classname="backend.tests.test_iter317_billing_modules_audit.TestBillingSettings" name="test_get_billing_settings" time="0.124" /><testcase classname="backend.tests.test_iter317_billing_modules_audit.TestBillingSettings" name="test_warning_days_zero_accepted" time="0.117" /><testcase classname="backend.tests.test_iter317_billing_modules_audit.TestBillingSettings" name="test_warning_must_be_less_than_grace" time="0.141" /><testcase classname="backend.tests.test_iter317_billing_modules_audit.TestBillingSettings" name="test_restore_defaults" time="0.111" /><testcase classname="backend.tests.test_iter317_billing_modules_audit.TestStatsThisMonth" name="test_partner_orders_stats_structure" time="0.133" /><testcase classname="backend.tests.test_iter317_billing_modules_audit.TestStatsThisMonth" name="test_partner_subscriptions_stats_structure" time="0.110" /><testcase classname="backend.tests.test_iter317_billing_modules_audit.TestStatsThisMonth" name="test_this_month_not_greater_than_total" time="0.244" /><testcase classname="backend.tests.test_iter317_billing_modules_audit.TestStatsThisMonth" name="test_new_order_increments_this_month" time="0.745" /><testcase classname="backend.tests.test_iter317_billing_modules_audit.TestOrderStatusValidation" name="test_invalid_status_returns_400" time="0.236" /><testcase classname="backend.tests.test_iter317_billing_modules_audit.TestOrderStatusValidation" name="test_partially_refunded_via_api_returns_400" time="0.136" /><testcase classname="backend.tests.test_iter317_billing_modules_audit.TestOrderStatusValidation" name="test_valid_status_accepted" time="0.271" /><testcase classname="backend.tests.test_iter317_billing_modules_audit.TestDeletePaidOrder" name="test_delete_unpaid_order_succeeds" time="0.231" /><testcase classname="backend.tests.test_iter317_billing_modules_audit.TestDeletePaidOrder" name="test_delete_paid_order_returns_400" time="0.347" /><testcase classname="backend.tests.test_iter317_billing_modules_audit.TestOrderPlanIdUpdate" name="test_update_plan_id_and_name" time="0.347" /><testcase classname="backend.tests.test_iter317_billing_modules_audit.TestClearOptionalFields" name="test_clear_processor_id" time="0.362" /><testcase classname="backend.tests.test_iter317_billing_modules_audit.TestSubscriptionPlanIdUpdate" name="test_update_plan_id_and_name" time="0.440" /><testcase classname="backend.tests.test_iter317_billing_modules_audit.TestCancelSubPlanReset" name="test_cancel_one_of_two_subs_does_not_reset_plan" time="1.691" /><testcase classname="backend.tests.test_iter317_billing_modules_audit.TestCancelSubPlanReset" name="test_cancel_subscription_logic_code_review" time="0.330" /><testcase classname="backend.tests.test_iter317_billing_modules_audit.TestAdminPanelAPIs" name="test_list_partner_orders" time="0.114" /><testcase classname="backend.tests.test_iter317_billing_modules_audit.TestAdminPanelAPIs" name="test_list_partner_subscriptions" time="0.149" /><testcase classname="backend.tests.test_iter317_billing_modules_audit.TestAdminPanelAPIs" name="test_partner_orders_stats" time="0.106" /><testcase classname="backend.tests.test_iter317_billing_modules_audit.TestAdminPanelAPIs" name="test_partner_subscriptions_stats" time="0.124" /><testcase classname="backend.tests.test_iter317_billing_modules_audit.TestAdminPanelAPIs" name="test_billing_settings_get" time="0.110" /><testcase classname="backend.tests.test_iter317_billing_modules_audit.TestAdminPanelAPIs" name="test_currencies_get" time="0.105" /></testsuite></testsuites>