<?xml version="1.0" encoding="utf-8"?><testsuites name="pytest tests"><testsuite name="pytest" errors="0" failures="0" skipped="0" tests="22" time="5.060" timestamp="2026-02-26T17:06:57.771442+00:00" hostname="agent-env-02eb3b5e-bb64-44d5-8845-3efe266f8fed"><testcase classname="backend.tests.test_iter128_tax_invoicing.TestTaxSettings" name="test_get_tax_settings_returns_200" time="0.659" /><testcase classname="backend.tests.test_iter128_tax_invoicing.TestTaxSettings" name="test_update_tax_settings_enable_ca_on" time="0.104" /><testcase classname="backend.tests.test_iter128_tax_invoicing.TestTaxSettings" name="test_tax_settings_persist_after_update" time="0.220" /><testcase classname="backend.tests.test_iter128_tax_invoicing.TestTaxRateTable" name="test_get_tax_tables_returns_all" time="0.167" /><testcase classname="backend.tests.test_iter128_tax_invoicing.TestTaxRateTable" name="test_get_ca_tax_tables_returns_13_entries" time="0.106" /><testcase classname="backend.tests.test_iter128_tax_invoicing.TestTaxRateTable" name="test_ca_entries_have_required_fields" time="0.117" /><testcase classname="backend.tests.test_iter128_tax_invoicing.TestTaxRateTable" name="test_ca_on_province_has_hst_13_percent" time="0.171" /><testcase classname="backend.tests.test_iter128_tax_invoicing.TestTaxRateTable" name="test_update_tax_table_entry" time="0.298" /><testcase classname="backend.tests.test_iter128_tax_invoicing.TestTaxRateTable" name="test_unauthenticated_tax_tables_returns_401" time="0.119" /><testcase classname="backend.tests.test_iter128_tax_invoicing.TestOverrideRules" name="test_get_overrides_returns_rules_array" time="0.135" /><testcase classname="backend.tests.test_iter128_tax_invoicing.TestOverrideRules" name="test_create_override_rule_succeeds" time="0.397" /><testcase classname="backend.tests.test_iter128_tax_invoicing.TestOverrideRules" name="test_override_rule_appears_in_list" time="0.274" /><testcase classname="backend.tests.test_iter128_tax_invoicing.TestOverrideRules" name="test_update_override_rule" time="0.137" /><testcase classname="backend.tests.test_iter128_tax_invoicing.TestOverrideRules" name="test_delete_override_rule" time="0.439" /><testcase classname="backend.tests.test_iter128_tax_invoicing.TestOverrideRules" name="test_delete_nonexistent_rule_returns_404" time="0.121" /><testcase classname="backend.tests.test_iter128_tax_invoicing.TestCalculateTax" name="test_calculate_tax_without_auth_returns_401" time="0.334" /><testcase classname="backend.tests.test_iter128_tax_invoicing.TestCalculateTax" name="test_calculate_tax_invalid_token_returns_401" time="0.145" /><testcase classname="backend.tests.test_iter128_tax_invoicing.TestCustomerTaxExempt" name="test_tax_exempt_requires_auth" time="0.223" /><testcase classname="backend.tests.test_iter128_tax_invoicing.TestCustomerTaxExempt" name="test_tax_exempt_nonexistent_customer_returns_404" time="0.140" /><testcase classname="backend.tests.test_iter128_tax_invoicing.TestTaxRouterRegistration" name="test_tax_settings_route_exists" time="0.164" /><testcase classname="backend.tests.test_iter128_tax_invoicing.TestTaxRouterRegistration" name="test_tax_tables_route_exists" time="0.203" /><testcase classname="backend.tests.test_iter128_tax_invoicing.TestTaxRouterRegistration" name="test_tax_overrides_route_exists" time="0.291" /></testsuite></testsuites>