<?xml version="1.0" encoding="utf-8"?><testsuites name="pytest tests"><testsuite name="pytest" errors="0" failures="0" skipped="0" tests="19" time="3.018" timestamp="2026-03-14T00:21:02.052900+00:00" hostname="agent-env-580a7857-4480-441a-a5da-cb4b88b68c6c"><testcase classname="backend.tests.test_partner_signup_seeding.TestAddressValidation" name="test_register_partner_fails_missing_region" time="0.204" /><testcase classname="backend.tests.test_partner_signup_seeding.TestAddressValidation" name="test_register_partner_fails_missing_city" time="0.061" /><testcase classname="backend.tests.test_partner_signup_seeding.TestAddressValidation" name="test_register_partner_succeeds_with_all_address_fields" time="0.609" /><testcase classname="backend.tests.test_partner_signup_seeding.TestAddressValidation" name="test_register_partner_succeeds_without_address" time="0.852" /><testcase classname="backend.tests.test_partner_signup_seeding.TestPartnerVerifyAndSeeding" name="test_verify_partner_email" time="0.066" /><testcase classname="backend.tests.test_partner_signup_seeding.TestPartnerVerifyAndSeeding" name="test_partner_subscription_created" time="0.001" /><testcase classname="backend.tests.test_partner_signup_seeding.TestPartnerVerifyAndSeeding" name="test_partner_order_created" time="0.001" /><testcase classname="backend.tests.test_partner_signup_seeding.TestPartnerVerifyAndSeeding" name="test_product_uses_base_currency" time="0.001" /><testcase classname="backend.tests.test_partner_signup_seeding.TestPartnerVerifyAndSeeding" name="test_product_placeholder_content_fields" time="0.001" /><testcase classname="backend.tests.test_partner_signup_seeding.TestPartnerVerifyAndSeeding" name="test_website_settings_register_subtitle" time="0.001" /><testcase classname="backend.tests.test_partner_signup_seeding.TestPartnerVerifyAndSeeding" name="test_website_settings_signup_form_subtitle" time="0.001" /><testcase classname="backend.tests.test_partner_signup_seeding.TestPartnerVerifyAndSeeding" name="test_website_settings_email_from_name_is_org_name" time="0.001" /><testcase classname="backend.tests.test_partner_signup_seeding.TestPartnerVerifyAndSeeding" name="test_email_templates_order_placed_enabled" time="0.001" /><testcase classname="backend.tests.test_partner_signup_seeding.TestPartnerVerifyAndSeeding" name="test_email_templates_subscription_created_enabled" time="0.001" /><testcase classname="backend.tests.test_partner_signup_seeding.TestFaviconEndpoints" name="test_admin_settings_has_favicon_url_field" time="0.486" /><testcase classname="backend.tests.test_partner_signup_seeding.TestFaviconEndpoints" name="test_public_settings_has_favicon_url_field" time="0.070" /><testcase classname="backend.tests.test_partner_signup_seeding.TestFaviconEndpoints" name="test_upload_favicon_endpoint" time="0.170" /><testcase classname="backend.tests.test_partner_signup_seeding.TestFaviconEndpoints" name="test_upload_favicon_validates_file_size" time="0.236" /><testcase classname="backend.tests.test_partner_signup_seeding.TestFaviconEndpoints" name="test_upload_favicon_validates_file_type" time="0.129" /></testsuite></testsuites>